#
# A fatal error has been detected by the Java Runtime Environment:
#
#  EXCEPTION_ACCESS_VIOLATION (0xc0000005) at pc=0x00007ff99bccb312, pid=6244, tid=11720
#
# JRE version: OpenJDK Runtime Environment (17.0.11) (build 17.0.11+0--11852314)
# Java VM: OpenJDK 64-Bit Server VM (17.0.11+0--11852314, mixed mode, tiered, compressed oops, compressed class ptrs, g1 gc, windows-amd64)
# Problematic frame:
# V  [jvm.dll+0x2db312]
#
# No core dump will be written. Minidumps are not enabled by default on client versions of Windows
#
# If you would like to submit a bug report, please visit:
#   https://bugreport.java.com/bugreport/crash.jsp
#

---------------  S U M M A R Y ------------

Command Line: --add-opens=java.base/java.util=ALL-UNNAMED --add-opens=java.base/java.lang=ALL-UNNAMED --add-opens=java.base/java.lang.invoke=ALL-UNNAMED --add-opens=java.prefs/java.util.prefs=ALL-UNNAMED --add-opens=java.base/java.nio.charset=ALL-UNNAMED --add-opens=java.base/java.net=ALL-UNNAMED --add-opens=java.base/java.util.concurrent.atomic=ALL-UNNAMED -Xmx2048m -Dfile.encoding=UTF-8 -Duser.country=IN -Duser.language=en -Duser.variant -javaagent:C:\Users\shuam\.gradle\wrapper\dists\gradle-8.7-bin\bhs2wmbdwecv87pi65oeuq5iu\gradle-8.7\lib\agents\gradle-instrumentation-agent-8.7.jar org.gradle.launcher.daemon.bootstrap.GradleDaemon 8.7

Host: AMD Ryzen 5 5500U with Radeon Graphics         , 12 cores, 7G,  Windows 11 , 64 bit Build 22621 (10.0.22621.3958)
Time: Tue Sep  3 14:55:31 2024 India Standard Time elapsed time: 12.547434 seconds (0d 0h 0m 12s)

---------------  T H R E A D  ---------------

Current thread (0x000001b5f56da1d0):  ConcurrentGCThread "G1 Conc#0" [stack: 0x0000008b89900000,0x0000008b89a00000] [id=11720]

Stack: [0x0000008b89900000,0x0000008b89a00000],  sp=0x0000008b899ff810,  free space=1022k
Native frames: (J=compiled Java code, j=interpreted, Vv=VM code, C=native code)
V  [jvm.dll+0x2db312]
V  [jvm.dll+0x2db05f]
V  [jvm.dll+0x2d98ad]
V  [jvm.dll+0x2d8ed1]
V  [jvm.dll+0x2eeb7e]
V  [jvm.dll+0x2eb2f1]
V  [jvm.dll+0x2ecc4c]
V  [jvm.dll+0x2ebc24]
V  [jvm.dll+0x2ef786]
V  [jvm.dll+0x86f08b]
V  [jvm.dll+0x86f0d6]
V  [jvm.dll+0x7efa4a]
V  [jvm.dll+0x686a35]
C  [ucrtbase.dll+0x29333]
C  [KERNEL32.DLL+0x1257d]
C  [ntdll.dll+0x5af28]


siginfo: EXCEPTION_ACCESS_VIOLATION (0xc0000005), reading address 0x00000000000000c8


Registers:
RAX=0x000001b5f5696680, RBX=0x000001b5f56e4600, RCX=0x0000000000000014, RDX=0x0000000000000002
RSP=0x0000008b899ff810, RBP=0x0000000000000002, RSI=0x000001b5f56c8e70, RDI=0x0000000000753990
R8 =0x0000000000753990, R9 =0x0000000000000000, R10=0x000000000000002b, R11=0x0000000000000004
R12=0x0000000000000000, R13=0xaaaaaaaaaaaaaaab, R14=0x0000000000000001, R15=0x0000008b899ff990
RIP=0x00007ff99bccb312, EFLAGS=0x0000000000010212


Register to memory mapping:

RIP=0x00007ff99bccb312 jvm.dll
RAX=0x000001b5f5696680 points into unknown readable memory: 0x0000000000000000 | 00 00 00 00 00 00 00 00
RBX=0x000001b5f56e4600 points into unknown readable memory: 0x00007ff99c351fd8 | d8 1f 35 9c f9 7f 00 00
RCX=0x0000000000000014 is an unknown value
RDX=0x0000000000000002 is an unknown value
RSP=0x0000008b899ff810 points into unknown readable memory: 0x0000000082bcd618 | 18 d6 bc 82 00 00 00 00
RBP=0x0000000000000002 is an unknown value
RSI=0x000001b5f56c8e70 points into unknown readable memory: 0x000001b5f56d97b0 | b0 97 6d f5 b5 01 00 00
RDI=0x0000000000753990 is an unknown value
R8 =0x0000000000753990 is an unknown value
R9 =0x0 is NULL
R10=0x000000000000002b is an unknown value
R11=0x0000000000000004 is an unknown value
R12=0x0 is NULL
R13=0xaaaaaaaaaaaaaaab is an unknown value
R14=0x0000000000000001 is an unknown value
R15=0x0000008b899ff990 points into unknown readable memory: 0x000001b5f56c8e70 | 70 8e 6c f5 b5 01 00 00


Top of Stack: (sp=0x0000008b899ff810)
0x0000008b899ff810:   0000000082bcd618 00007ff99bccb05f
0x0000008b899ff820:   0000000082bcda98 00007ff99bccb05f
0x0000008b899ff830:   0000000000753990 00007ff99bccb05f
0x0000008b899ff840:   000001b5f56e4600 0000008b899ff9d0
0x0000008b899ff850:   0000000082bce624 00007ff99bcc928d
0x0000008b899ff860:   0000008b899ff9d0 00007ff99bcc98ad
0x0000008b899ff870:   0000000082bce3e4 00007ff99bcc8ed1
0x0000008b899ff880:   0000008b899ff990 0000000000000001
0x0000008b899ff890:   00000001000595d0 00007ff99bcc8ed1
0x0000008b899ff8a0:   0000000000000115 0000000082bcdd80
0x0000008b899ff8b0:   0000008b899ff9d0 0000000000000040
0x0000008b899ff8c0:   000001b5f56e4600 00007ff99bcdeb7e
0x0000008b899ff8d0:   0000000082bcdd80 000001b5f56c8ec0
0x0000008b899ff8e0:   0000008b899ff990 000001b5f56c8ec0
0x0000008b899ff8f0:   0000000082bcdd80 00007ff99bcdb2f1
0x0000008b899ff900:   0000000000579bb0 00007ff99bcdebb0
0x0000008b899ff910:   0000000082c0d228 0000000000000000
0x0000008b899ff920:   0000000000580000 00007ff99bcdcc4c
0x0000008b899ff930:   0000000082bcdd50 0000000000579bb0
0x0000008b899ff940:   000000000002625a 0000000000000000
0x0000008b899ff950:   0000000000000002 0000000000000001
0x0000008b899ff960:   000001b5f56e4600 00007ff99bcdbc24
0x0000008b899ff970:   0000000000000555 0000000000000000
0x0000008b899ff980:   0000008b898ff601 0000000000000000
0x0000008b899ff990:   000001b5f56c8e70 000001b5f56e4600
0x0000008b899ff9a0:   0000000082b00000 0000000000020000
0x0000008b899ff9b0:   0000000082b00000 0000000000020000
0x0000008b899ff9c0:   0000000000000000 0000000000000000
0x0000008b899ff9d0:   00007ff99c351ff8 000001b5f56f6fe0
0x0000008b899ff9e0:   0000000000000003 000001b5f567ec30
0x0000008b899ff9f0:   000001b5f56e4600 00007ff99c047f63
0x0000008b899ffa00:   c215b08488000000 0000000000000000 

Instructions: (pc=0x00007ff99bccb312)
0x00007ff99bccb212:   48 3b c8 75 ee 32 db 48 8b 6c 24 38 0f b6 c3 48
0x00007ff99bccb222:   8b 5c 24 30 48 8b 74 24 40 48 83 c4 20 5f c3 80
0x00007ff99bccb232:   3d c1 86 8b 00 00 b3 01 74 15 8b 57 08 8b 0d c3
0x00007ff99bccb242:   c0 84 00 48 d3 e2 48 03 15 b1 c0 84 00 eb 04 48
0x00007ff99bccb252:   8b 57 08 48 8b cf e8 13 19 d3 ff 4c 63 d8 48 8b
0x00007ff99bccb262:   86 08 03 00 00 4c 8b 04 e8 49 8b 40 18 8b 88 c0
0x00007ff99bccb272:   01 00 00 48 8b 90 b8 01 00 00 48 d3 e2 8b 0d 7b
0x00007ff99bccb282:   8f 8b 00 48 2b fa 41 8b 50 60 48 d3 ef 44 8b d7
0x00007ff99bccb292:   49 23 d2 48 c1 e2 04 49 03 50 40 8b 02 3b c7 74
0x00007ff99bccb2a2:   2d 4c 8b 4a 08 4d 85 c9 74 0c 8b c8 49 8b 40 38
0x00007ff99bccb2b2:   f0 4c 0f c1 0c c8 48 c7 42 08 00 00 00 00 44 89
0x00007ff99bccb2c2:   12 49 ff 40 58 4c 01 5a 08 e9 49 ff ff ff 49 ff
0x00007ff99bccb2d2:   40 50 4c 01 5a 08 e9 3c ff ff ff cc cc cc 48 89
0x00007ff99bccb2e2:   6c 24 10 48 89 74 24 18 57 48 83 ec 20 48 8b 41
0x00007ff99bccb2f2:   08 48 8b f1 4d 8b c8 8b ea 49 8b f8 8b 88 c0 01
0x00007ff99bccb302:   00 00 48 8b 80 b0 01 00 00 49 d3 e9 4e 8b 0c c8
0x00007ff99bccb312:   4d 3b 81 c8 00 00 00 72 12 32 c0 48 8b 6c 24 38
0x00007ff99bccb322:   48 8b 74 24 40 48 83 c4 20 5f c3 48 89 5c 24 30
0x00007ff99bccb332:   48 8b d7 48 8b 9e 98 00 00 00 48 8b cb 48 8b 03
0x00007ff99bccb342:   ff 10 8b 4b 18 48 8b d7 48 2b 53 08 48 8b 43 20
0x00007ff99bccb352:   48 c1 ea 03 48 d3 ea 48 8b ca 48 c1 e9 06 4c 8d
0x00007ff99bccb362:   04 c8 0f b6 ca 49 8b 00 80 e1 3f ba 01 00 00 00
0x00007ff99bccb372:   48 d3 e2 48 8b c8 48 0b ca 48 3b c8 74 12 f0 49
0x00007ff99bccb382:   0f b1 08 74 25 48 8b c8 48 0b ca 48 3b c8 75 ee
0x00007ff99bccb392:   32 db 48 8b 6c 24 38 0f b6 c3 48 8b 5c 24 30 48
0x00007ff99bccb3a2:   8b 74 24 40 48 83 c4 20 5f c3 80 3d 46 85 8b 00
0x00007ff99bccb3b2:   00 b3 01 74 15 8b 57 08 8b 0d 48 bf 84 00 48 d3
0x00007ff99bccb3c2:   e2 48 03 15 36 bf 84 00 eb 04 48 8b 57 08 48 8b
0x00007ff99bccb3d2:   cf e8 98 17 d3 ff 4c 63 d8 48 8b 86 08 03 00 00
0x00007ff99bccb3e2:   4c 8b 04 e8 49 8b 40 18 8b 88 c0 01 00 00 48 8b
0x00007ff99bccb3f2:   90 b8 01 00 00 48 d3 e2 8b 0d 00 8e 8b 00 48 2b
0x00007ff99bccb402:   fa 41 8b 50 60 48 d3 ef 44 8b d7 49 23 d2 48 c1 


Stack slot to memory mapping:
stack at sp + 0 slots: 0x0000000082bcd618 is an oop: org.gradle.internal.component.external.model.maven.MavenDependencyDescriptor 
{0x0000000082bcd618} - klass: 'org/gradle/internal/component/external/model/maven/MavenDependencyDescriptor'
 - ---- fields (total size 4 words):
 - private final 'selector' 'Lorg/gradle/api/artifacts/component/ModuleComponentSelector;' @12  a 'org/gradle/internal/component/external/model/DefaultModuleComponentSelector'{0x0000000082bcd638} (82bcd638)
 - private final 'scope' 'Lorg/gradle/internal/component/external/descriptor/MavenScope;' @16  a 'org/gradle/internal/component/external/descriptor/MavenScope'{0x00000000829f7518} (829f7518)
 - private final 'type' 'Lorg/gradle/internal/component/external/model/maven/MavenDependencyType;' @20  a 'org/gradle/internal/component/external/model/maven/MavenDependencyType'{0x00000000829f94d8} (829f94d8)
 - private final 'excludes' 'Lcom/google/common/collect/ImmutableList;' @24  a 'com/google/common/collect/RegularImmutableList'{0x0000000080c34418} (80c34418)
 - private final 'dependencyArtifact' 'Lorg/gradle/internal/component/model/IvyArtifactName;' @28  NULL (0)
stack at sp + 1 slots: 0x00007ff99bccb05f jvm.dll
stack at sp + 2 slots: 0x0000000082bcda98 is an oop: org.gradle.internal.component.external.model.DefaultConfigurationMetadata 
{0x0000000082bcda98} - klass: 'org/gradle/internal/component/external/model/DefaultConfigurationMetadata'
 - ---- fields (total size 11 words):
 - private final 'transitive' 'Z' @12  true
 - private final 'visible' 'Z' @13  true
 - private final 'externalVariant' 'Z' @14  false
 - private final 'componentId' 'Lorg/gradle/api/artifacts/component/ModuleComponentIdentifier;' @16  a 'org/gradle/internal/component/external/model/DefaultModuleComponentIdentifier'{0x0000000082a28b18} (82a28b18)
 - private final 'name' 'Ljava/lang/String;' @20  "compile"{0x00000000829f7260} (829f7260)
 - private final 'artifacts' 'Lcom/google/common/collect/ImmutableList;' @24  a 'com/google/common/collect/SingletonImmutableList'{0x0000000082bcdaf0} (82bcdaf0)
 - private final 'hierarchy' 'Lcom/google/common/collect/ImmutableSet;' @28  a 'com/google/common/collect/SingletonImmutableSet'{0x0000000082bcdb50} (82bcdb50)
 - private final 'excludes' 'Lcom/google/common/collect/ImmutableList;' @32  a 'com/google/common/collect/RegularImmutableList'{0x0000000080c34418} (80c34418)
 - private final 'attributes' 'Lorg/gradle/api/internal/attributes/ImmutableAttributes;' @36  a 'org/gradle/api/internal/attributes/DefaultImmutableAttributes'{0x000000008226c5b0} (8226c5b0)
 - private final 'capabilities' 'Lorg/gradle/internal/component/external/model/ImmutableCapabilities;' @40  a 'org/gradle/internal/component/external/model/ImmutableCapabilities'{0x0000000082114a90} (82114a90)
 - private final 'lock' 'Ljava/lang/Object;' @44  a 'java/lang/Object'{0x0000000082bcdb60} (82bcdb60)
 - private 'configDependencies' 'Lcom/google/common/collect/ImmutableList;' @48  NULL (0)
 - private 'configDependenciesFactory' 'Lorg/gradle/internal/Factory;' @52  a 'org/gradle/internal/component/external/model/maven/DefaultMavenModuleResolveMetadata$1'{0x0000000082bcdb70} (82bcdb70)
 - private final 'componentMetadataRules' 'Lorg/gradle/internal/component/external/model/VariantMetadataRules;' @56  a 'org/gradle/internal/component/external/model/VariantMetadataRules'{0x0000000082bccf80} (82bccf80)
 - private 'calculatedDependencies' 'Ljava/util/List;' @60  NULL (0)
 - private 'calculatedArtifacts' 'Lcom/google/common/collect/ImmutableList;' @64  NULL (0)
 - private 'computedAttributes' 'Lorg/gradle/api/internal/attributes/ImmutableAttributes;' @68  NULL (0)
 - private 'computedCapabilities' 'Lorg/gradle/internal/component/external/model/ImmutableCapabilities;' @72  NULL (0)
 - private final 'dependencyFilter' 'Lorg/gradle/internal/component/external/model/DefaultConfigurationMetadata$DependencyFilter;' @76  a 'org/gradle/internal/component/external/model/DefaultConfigurationMetadata$DependencyFilter'{0x00000000829cc8d8} (829cc8d8)
 - private 'filteredConfigDependencies' 'Lcom/google/common/collect/ImmutableList;' @80  NULL (0)
stack at sp + 3 slots: 0x00007ff99bccb05f jvm.dll
stack at sp + 4 slots: 0x0000000000753990 is an unknown value
stack at sp + 5 slots: 0x00007ff99bccb05f jvm.dll
stack at sp + 6 slots: 0x000001b5f56e4600 points into unknown readable memory: 0x00007ff99c351fd8 | d8 1f 35 9c f9 7f 00 00
stack at sp + 7 slots: 0x0000008b899ff9d0 points into unknown readable memory: 0x00007ff99c351ff8 | f8 1f 35 9c f9 7f 00 00


---------------  P R O C E S S  ---------------

Threads class SMR info:
_java_thread_list=0x000001b598ab5ab0, length=56, elements={
0x000001b5f566d6f0, 0x000001b591aa4030, 0x000001b591aa54c0, 0x000001b59196dab0,
0x000001b59196e580, 0x000001b591aca150, 0x000001b591acab10, 0x000001b591acc220,
0x000001b591ace050, 0x000001b591ad0a60, 0x000001b591c765e0, 0x000001b591d41880,
0x000001b597684110, 0x000001b596e93c30, 0x000001b5971a3930, 0x000001b5970700a0,
0x000001b597356a40, 0x000001b598332f80, 0x000001b598333460, 0x000001b59841afe0,
0x000001b598417d40, 0x000001b598418c70, 0x000001b598419ba0, 0x000001b59841a0b0,
0x000001b59841aad0, 0x000001b598417830, 0x000001b598418250, 0x000001b598419690,
0x000001b598418760, 0x000001b59841a5c0, 0x000001b597ba3e00, 0x000001b59640ec30,
0x000001b597ba4310, 0x000001b597ba6680, 0x000001b597ba4820, 0x000001b597ba5c60,
0x000001b597ba1a90, 0x000001b597ba6b90, 0x000001b597ba6170, 0x000001b597ba5240,
0x000001b597ba1070, 0x000001b597ba70a0, 0x000001b597ba4d30, 0x000001b597ba75b0,
0x000001b597ba1fa0, 0x000001b597ba24b0, 0x000001b597ba7ac0, 0x000001b597ba7fd0,
0x000001b597ba29c0, 0x000001b597ba84e0, 0x000001b597ba5750, 0x000001b597ba1580,
0x000001b597ba33e0, 0x000001b597ba2ed0, 0x000001b597ba38f0, 0x000001b597ba89f0
}

Java Threads: ( => current thread )
  0x000001b5f566d6f0 JavaThread "main" [_thread_blocked, id=18072, stack(0x0000008b89600000,0x0000008b89700000)]
  0x000001b591aa4030 JavaThread "Reference Handler" daemon [_thread_blocked, id=14472, stack(0x0000008b89d00000,0x0000008b89e00000)]
  0x000001b591aa54c0 JavaThread "Finalizer" daemon [_thread_blocked, id=2316, stack(0x0000008b89e00000,0x0000008b89f00000)]
  0x000001b59196dab0 JavaThread "Signal Dispatcher" daemon [_thread_blocked, id=16792, stack(0x0000008b89f00000,0x0000008b8a000000)]
  0x000001b59196e580 JavaThread "Attach Listener" daemon [_thread_blocked, id=9696, stack(0x0000008b8a000000,0x0000008b8a100000)]
  0x000001b591aca150 JavaThread "Service Thread" daemon [_thread_blocked, id=7476, stack(0x0000008b8a100000,0x0000008b8a200000)]
  0x000001b591acab10 JavaThread "Monitor Deflation Thread" daemon [_thread_blocked, id=9808, stack(0x0000008b8a200000,0x0000008b8a300000)]
  0x000001b591acc220 JavaThread "C2 CompilerThread0" daemon [_thread_in_native, id=12124, stack(0x0000008b8a300000,0x0000008b8a400000)]
  0x000001b591ace050 JavaThread "C1 CompilerThread0" daemon [_thread_blocked, id=15012, stack(0x0000008b8a400000,0x0000008b8a500000)]
  0x000001b591ad0a60 JavaThread "Sweeper thread" daemon [_thread_blocked, id=8184, stack(0x0000008b8a500000,0x0000008b8a600000)]
  0x000001b591c765e0 JavaThread "Common-Cleaner" daemon [_thread_blocked, id=11276, stack(0x0000008b8a600000,0x0000008b8a700000)]
  0x000001b591d41880 JavaThread "Notification Thread" daemon [_thread_blocked, id=7232, stack(0x0000008b8a700000,0x0000008b8a800000)]
  0x000001b597684110 JavaThread "Daemon health stats" [_thread_blocked, id=2604, stack(0x0000008b8ae00000,0x0000008b8af00000)]
  0x000001b596e93c30 JavaThread "Incoming local TCP Connector on port 50118" [_thread_in_native, id=18348, stack(0x0000008b8ad00000,0x0000008b8ae00000)]
  0x000001b5971a3930 JavaThread "Daemon periodic checks" [_thread_blocked, id=14192, stack(0x0000008b8af00000,0x0000008b8b000000)]
  0x000001b5970700a0 JavaThread "Daemon" [_thread_blocked, id=6824, stack(0x0000008b8b100000,0x0000008b8b200000)]
  0x000001b597356a40 JavaThread "Handler for socket connection from /127.0.0.1:50118 to /127.0.0.1:50119" [_thread_in_native, id=5144, stack(0x0000008b8b200000,0x0000008b8b300000)]
  0x000001b598332f80 JavaThread "Cancel handler" [_thread_blocked, id=8952, stack(0x0000008b8b300000,0x0000008b8b400000)]
  0x000001b598333460 JavaThread "Daemon worker" [_thread_in_native, id=4572, stack(0x0000008b8b400000,0x0000008b8b500000)]
  0x000001b59841afe0 JavaThread "Asynchronous log dispatcher for DefaultDaemonConnection: socket connection from /127.0.0.1:50118 to /127.0.0.1:50119" [_thread_blocked, id=7032, stack(0x0000008b8b500000,0x0000008b8b600000)]
  0x000001b598417d40 JavaThread "Stdin handler" [_thread_blocked, id=14408, stack(0x0000008b8b600000,0x0000008b8b700000)]
  0x000001b598418c70 JavaThread "Daemon client event forwarder" [_thread_blocked, id=14604, stack(0x0000008b8b700000,0x0000008b8b800000)]
  0x000001b598419ba0 JavaThread "Cache worker for journal cache (C:\Users\shuam\.gradle\caches\journal-1)" [_thread_blocked, id=3992, stack(0x0000008b8b000000,0x0000008b8b100000)]
  0x000001b59841a0b0 JavaThread "File lock request listener" [_thread_in_native, id=13544, stack(0x0000008b8bf00000,0x0000008b8c000000)]
  0x000001b59841aad0 JavaThread "Cache worker for file hash cache (C:\Users\shuam\.gradle\caches\8.7\fileHashes)" [_thread_blocked, id=13576, stack(0x0000008b8c100000,0x0000008b8c200000)]
  0x000001b598417830 JavaThread "Cache worker for file hash cache (D:\SHUBHAM_CHAVAN\PES\MyProject\.gradle\8.7\fileHashes)" [_thread_blocked, id=7492, stack(0x0000008b8c200000,0x0000008b8c300000)]
  0x000001b598418250 JavaThread "File watcher server" daemon [_thread_in_native, id=16068, stack(0x0000008b8c300000,0x0000008b8c400000)]
  0x000001b598419690 JavaThread "File watcher consumer" daemon [_thread_blocked, id=13408, stack(0x0000008b8c400000,0x0000008b8c500000)]
  0x000001b598418760 JavaThread "Cache worker for checksums cache (D:\SHUBHAM_CHAVAN\PES\MyProject\.gradle\8.7\checksums)" [_thread_blocked, id=13744, stack(0x0000008b8c500000,0x0000008b8c600000)]
  0x000001b59841a5c0 JavaThread "Cache worker for cache directory md-supplier (C:\Users\shuam\.gradle\caches\8.7\md-supplier)" [_thread_blocked, id=10036, stack(0x0000008b8c600000,0x0000008b8c700000)]
  0x000001b597ba3e00 JavaThread "Cache worker for cache directory md-rule (C:\Users\shuam\.gradle\caches\8.7\md-rule)" [_thread_blocked, id=7996, stack(0x0000008b8c700000,0x0000008b8c800000)]
  0x000001b59640ec30 JavaThread "C2 CompilerThread1" daemon [_thread_blocked, id=7544, stack(0x0000008b8c000000,0x0000008b8c100000)]
  0x000001b597ba4310 JavaThread "Cache worker for file content cache (C:\Users\shuam\.gradle\caches\8.7\fileContent)" [_thread_blocked, id=2528, stack(0x0000008b8c800000,0x0000008b8c900000)]
  0x000001b597ba6680 JavaThread "Cache worker for Build Output Cleanup Cache (D:\SHUBHAM_CHAVAN\PES\MyProject\.gradle\buildOutputCleanup)" [_thread_blocked, id=4936, stack(0x0000008b8c900000,0x0000008b8ca00000)]
  0x000001b597ba4820 JavaThread "Unconstrained build operations" [_thread_blocked, id=1704, stack(0x0000008b8ca00000,0x0000008b8cb00000)]
  0x000001b597ba5c60 JavaThread "Unconstrained build operations Thread 2" [_thread_blocked, id=6008, stack(0x0000008b8cb00000,0x0000008b8cc00000)]
  0x000001b597ba1a90 JavaThread "Unconstrained build operations Thread 3" [_thread_blocked, id=17920, stack(0x0000008b8cc00000,0x0000008b8cd00000)]
  0x000001b597ba6b90 JavaThread "Unconstrained build operations Thread 4" [_thread_blocked, id=16280, stack(0x0000008b8cd00000,0x0000008b8ce00000)]
  0x000001b597ba6170 JavaThread "Unconstrained build operations Thread 5" [_thread_blocked, id=18028, stack(0x0000008b8ce00000,0x0000008b8cf00000)]
  0x000001b597ba5240 JavaThread "Unconstrained build operations Thread 6" [_thread_blocked, id=1392, stack(0x0000008b8cf00000,0x0000008b8d000000)]
  0x000001b597ba1070 JavaThread "Unconstrained build operations Thread 7" [_thread_blocked, id=14148, stack(0x0000008b8d000000,0x0000008b8d100000)]
  0x000001b597ba70a0 JavaThread "Unconstrained build operations Thread 8" [_thread_blocked, id=17452, stack(0x0000008b8d100000,0x0000008b8d200000)]
  0x000001b597ba4d30 JavaThread "Unconstrained build operations Thread 9" [_thread_blocked, id=9456, stack(0x0000008b8d200000,0x0000008b8d300000)]
  0x000001b597ba75b0 JavaThread "Unconstrained build operations Thread 10" [_thread_blocked, id=14208, stack(0x0000008b8d300000,0x0000008b8d400000)]
  0x000001b597ba1fa0 JavaThread "Unconstrained build operations Thread 11" [_thread_blocked, id=16524, stack(0x0000008b8d400000,0x0000008b8d500000)]
  0x000001b597ba24b0 JavaThread "Unconstrained build operations Thread 12" [_thread_blocked, id=6884, stack(0x0000008b8d500000,0x0000008b8d600000)]
  0x000001b597ba7ac0 JavaThread "Unconstrained build operations Thread 13" [_thread_blocked, id=10360, stack(0x0000008b8d600000,0x0000008b8d700000)]
  0x000001b597ba7fd0 JavaThread "Unconstrained build operations Thread 14" [_thread_blocked, id=2592, stack(0x0000008b8d700000,0x0000008b8d800000)]
  0x000001b597ba29c0 JavaThread "Unconstrained build operations Thread 15" [_thread_blocked, id=6472, stack(0x0000008b8d800000,0x0000008b8d900000)]
  0x000001b597ba84e0 JavaThread "Unconstrained build operations Thread 16" [_thread_blocked, id=7548, stack(0x0000008b8d900000,0x0000008b8da00000)]
  0x000001b597ba5750 JavaThread "Unconstrained build operations Thread 17" [_thread_blocked, id=3424, stack(0x0000008b8da00000,0x0000008b8db00000)]
  0x000001b597ba1580 JavaThread "Unconstrained build operations Thread 18" [_thread_blocked, id=17428, stack(0x0000008b8db00000,0x0000008b8dc00000)]
  0x000001b597ba33e0 JavaThread "Unconstrained build operations Thread 19" [_thread_blocked, id=11760, stack(0x0000008b8dc00000,0x0000008b8dd00000)]
  0x000001b597ba2ed0 JavaThread "Unconstrained build operations Thread 20" [_thread_blocked, id=15500, stack(0x0000008b8dd00000,0x0000008b8de00000)]
  0x000001b597ba38f0 JavaThread "Unconstrained build operations Thread 21" [_thread_blocked, id=17472, stack(0x0000008b8de00000,0x0000008b8df00000)]
  0x000001b597ba89f0 JavaThread "Unconstrained build operations Thread 22" [_thread_blocked, id=17720, stack(0x0000008b8df00000,0x0000008b8e000000)]

Other Threads:
  0x000001b5919575d0 VMThread "VM Thread" [stack: 0x0000008b89c00000,0x0000008b89d00000] [id=8088]
  0x000001b5f566e570 WatcherThread [stack: 0x0000008b8a800000,0x0000008b8a900000] [id=16796]
  0x000001b5f56c8860 GCTaskThread "GC Thread#0" [stack: 0x0000008b89700000,0x0000008b89800000] [id=17596]
  0x000001b596cfa240 GCTaskThread "GC Thread#1" [stack: 0x0000008b8aa00000,0x0000008b8ab00000] [id=18352]
  0x000001b5971de9e0 GCTaskThread "GC Thread#2" [stack: 0x0000008b8ab00000,0x0000008b8ac00000] [id=18064]
  0x000001b596879d10 GCTaskThread "GC Thread#3" [stack: 0x0000008b8ac00000,0x0000008b8ad00000] [id=2452]
  0x000001b5971c4660 GCTaskThread "GC Thread#4" [stack: 0x0000008b8a900000,0x0000008b8aa00000] [id=15128]
  0x000001b5971c3e20 GCTaskThread "GC Thread#5" [stack: 0x0000008b8b800000,0x0000008b8b900000] [id=17700]
  0x000001b5971c40e0 GCTaskThread "GC Thread#6" [stack: 0x0000008b8b900000,0x0000008b8ba00000] [id=11104]
  0x000001b5971c4be0 GCTaskThread "GC Thread#7" [stack: 0x0000008b8ba00000,0x0000008b8bb00000] [id=12644]
  0x000001b5971c3320 GCTaskThread "GC Thread#8" [stack: 0x0000008b8bb00000,0x0000008b8bc00000] [id=17436]
  0x000001b5971c43a0 GCTaskThread "GC Thread#9" [stack: 0x0000008b8bc00000,0x0000008b8bd00000] [id=17968]
  0x000001b5f56d97b0 ConcurrentGCThread "G1 Main Marker" [stack: 0x0000008b89800000,0x0000008b89900000] [id=17820]
=>0x000001b5f56da1d0 ConcurrentGCThread "G1 Conc#0" [stack: 0x0000008b89900000,0x0000008b89a00000] [id=11720]
  0x000001b5971c3060 ConcurrentGCThread "G1 Conc#1" [stack: 0x0000008b8bd00000,0x0000008b8be00000] [id=15556]
  0x000001b5971c4920 ConcurrentGCThread "G1 Conc#2" [stack: 0x0000008b8be00000,0x0000008b8bf00000] [id=14140]
  0x000001b5f571e070 ConcurrentGCThread "G1 Refine#0" [stack: 0x0000008b89a00000,0x0000008b89b00000] [id=13720]
  0x000001b5f571eaa0 ConcurrentGCThread "G1 Service" [stack: 0x0000008b89b00000,0x0000008b89c00000] [id=14704]

Threads with active compile tasks:
C2 CompilerThread0    12634 6697   !   4       java.util.concurrent.ConcurrentHashMap::putVal (432 bytes)

VM state: not at safepoint (normal execution)

VM Mutex/Monitor currently owned by a thread: None

Heap address: 0x0000000080000000, size: 2048 MB, Compressed Oops mode: 32-bit

CDS archive(s) not mapped
Compressed class space mapped at: 0x0000000100000000-0x0000000140000000, reserved size: 1073741824
Narrow klass base: 0x0000000000000000, Narrow klass shift: 3, Narrow klass range: 0x140000000

GC Precious Log:
 CPUs: 12 total, 12 available
 Memory: 7502M
 Large Page Support: Disabled
 NUMA Support: Disabled
 Compressed Oops: Enabled (32-bit)
 Heap Region Size: 1M
 Heap Min Capacity: 8M
 Heap Initial Capacity: 118M
 Heap Max Capacity: 2G
 Pre-touch: Disabled
 Parallel Workers: 10
 Concurrent Workers: 3
 Concurrent Refinement Workers: 10
 Periodic GC: Disabled

Heap:
 garbage-first heap   total 95232K, used 61272K [0x0000000080000000, 0x0000000100000000)
  region size 1024K, 8 young (8192K), 1 survivors (1024K)
 Metaspace       used 59051K, committed 59648K, reserved 1114112K
  class space    used 8092K, committed 8384K, reserved 1048576K

Heap Regions: E=young(eden), S=young(survivor), O=old, HS=humongous(starts), HC=humongous(continues), CS=collection set, F=free, OA=open archive, CA=closed archive, TAMS=top-at-mark-start (previous, next)
|   0|0x0000000080000000, 0x0000000080100000, 0x0000000080100000|100%|HS|  |TAMS 0x0000000080100000, 0x0000000080100000| Complete 
|   1|0x0000000080100000, 0x0000000080200000, 0x0000000080200000|100%|HC|  |TAMS 0x0000000080200000, 0x0000000080200000| Complete 
|   2|0x0000000080200000, 0x0000000080300000, 0x0000000080300000|100%|HC|  |TAMS 0x0000000080300000, 0x0000000080300000| Complete 
|   3|0x0000000080300000, 0x0000000080400000, 0x0000000080400000|100%|HC|  |TAMS 0x0000000080400000, 0x0000000080400000| Complete 
|   4|0x0000000080400000, 0x0000000080500000, 0x0000000080500000|100%| O|  |TAMS 0x0000000080500000, 0x0000000080500000| Untracked 
|   5|0x0000000080500000, 0x0000000080600000, 0x0000000080600000|100%| O|  |TAMS 0x0000000080600000, 0x0000000080600000| Untracked 
|   6|0x0000000080600000, 0x0000000080700000, 0x0000000080700000|100%| O|  |TAMS 0x0000000080700000, 0x0000000080700000| Untracked 
|   7|0x0000000080700000, 0x0000000080800000, 0x0000000080800000|100%| O|  |TAMS 0x0000000080800000, 0x0000000080800000| Untracked 
|   8|0x0000000080800000, 0x0000000080900000, 0x0000000080900000|100%| O|  |TAMS 0x0000000080900000, 0x0000000080900000| Untracked 
|   9|0x0000000080900000, 0x0000000080a00000, 0x0000000080a00000|100%| O|  |TAMS 0x0000000080a00000, 0x0000000080a00000| Untracked 
|  10|0x0000000080a00000, 0x0000000080b00000, 0x0000000080b00000|100%| O|  |TAMS 0x0000000080a00000, 0x0000000080b00000| Untracked 
|  11|0x0000000080b00000, 0x0000000080c00000, 0x0000000080c00000|100%| O|  |TAMS 0x0000000080c00000, 0x0000000080c00000| Untracked 
|  12|0x0000000080c00000, 0x0000000080d00000, 0x0000000080d00000|100%| O|  |TAMS 0x0000000080d00000, 0x0000000080d00000| Untracked 
|  13|0x0000000080d00000, 0x0000000080e00000, 0x0000000080e00000|100%| O|  |TAMS 0x0000000080e00000, 0x0000000080e00000| Untracked 
|  14|0x0000000080e00000, 0x0000000080f00000, 0x0000000080f00000|100%| O|  |TAMS 0x0000000080f00000, 0x0000000080f00000| Untracked 
|  15|0x0000000080f00000, 0x0000000081000000, 0x0000000081000000|100%| O|  |TAMS 0x0000000081000000, 0x0000000081000000| Untracked 
|  16|0x0000000081000000, 0x0000000081100000, 0x0000000081100000|100%| O|  |TAMS 0x0000000081100000, 0x0000000081100000| Untracked 
|  17|0x0000000081100000, 0x0000000081200000, 0x0000000081200000|100%| O|  |TAMS 0x0000000081200000, 0x0000000081200000| Untracked 
|  18|0x0000000081200000, 0x0000000081300000, 0x0000000081300000|100%| O|  |TAMS 0x0000000081300000, 0x0000000081300000| Untracked 
|  19|0x0000000081300000, 0x0000000081400000, 0x0000000081400000|100%| O|  |TAMS 0x0000000081400000, 0x0000000081400000| Untracked 
|  20|0x0000000081400000, 0x0000000081500000, 0x0000000081500000|100%| O|  |TAMS 0x0000000081500000, 0x0000000081500000| Untracked 
|  21|0x0000000081500000, 0x0000000081600000, 0x0000000081600000|100%| O|  |TAMS 0x00000000815a7200, 0x0000000081600000| Untracked 
|  22|0x0000000081600000, 0x0000000081700000, 0x0000000081700000|100%| O|  |TAMS 0x0000000081600000, 0x0000000081700000| Untracked 
|  23|0x0000000081700000, 0x0000000081800000, 0x0000000081800000|100%| O|  |TAMS 0x0000000081700000, 0x0000000081800000| Untracked 
|  24|0x0000000081800000, 0x0000000081900000, 0x0000000081900000|100%| O|  |TAMS 0x0000000081800000, 0x0000000081900000| Untracked 
|  25|0x0000000081900000, 0x0000000081a00000, 0x0000000081a00000|100%| O|  |TAMS 0x0000000081900000, 0x0000000081a00000| Untracked 
|  26|0x0000000081a00000, 0x0000000081b00000, 0x0000000081b00000|100%| O|  |TAMS 0x0000000081a00000, 0x0000000081b00000| Untracked 
|  27|0x0000000081b00000, 0x0000000081c00000, 0x0000000081c00000|100%| O|  |TAMS 0x0000000081b00000, 0x0000000081c00000| Untracked 
|  28|0x0000000081c00000, 0x0000000081d00000, 0x0000000081d00000|100%| O|  |TAMS 0x0000000081c00000, 0x0000000081d00000| Untracked 
|  29|0x0000000081d00000, 0x0000000081e00000, 0x0000000081e00000|100%| O|  |TAMS 0x0000000081d00000, 0x0000000081e00000| Untracked 
|  30|0x0000000081e00000, 0x0000000081f00000, 0x0000000081f00000|100%| O|  |TAMS 0x0000000081e00000, 0x0000000081f00000| Untracked 
|  31|0x0000000081f00000, 0x0000000082000000, 0x0000000082000000|100%| O|  |TAMS 0x0000000081f00000, 0x0000000082000000| Untracked 
|  32|0x0000000082000000, 0x0000000082100000, 0x0000000082100000|100%| O|  |TAMS 0x0000000082000000, 0x0000000082100000| Untracked 
|  33|0x0000000082100000, 0x0000000082200000, 0x0000000082200000|100%| O|  |TAMS 0x0000000082100000, 0x0000000082200000| Untracked 
|  34|0x0000000082200000, 0x0000000082300000, 0x0000000082300000|100%| O|  |TAMS 0x0000000082200000, 0x0000000082300000| Untracked 
|  35|0x0000000082300000, 0x0000000082400000, 0x0000000082400000|100%|HS|  |TAMS 0x0000000082300000, 0x0000000082400000| Complete 
|  36|0x0000000082400000, 0x0000000082500000, 0x0000000082500000|100%|HS|  |TAMS 0x0000000082400000, 0x0000000082500000| Complete 
|  37|0x0000000082500000, 0x0000000082600000, 0x0000000082600000|100%|HS|  |TAMS 0x0000000082500000, 0x0000000082600000| Complete 
|  38|0x0000000082600000, 0x0000000082700000, 0x0000000082700000|100%|HS|  |TAMS 0x0000000082600000, 0x0000000082700000| Complete 
|  39|0x0000000082700000, 0x0000000082800000, 0x0000000082800000|100%| O|  |TAMS 0x0000000082700000, 0x0000000082700000| Untracked 
|  40|0x0000000082800000, 0x0000000082900000, 0x0000000082900000|100%|HS|  |TAMS 0x0000000082800000, 0x0000000082900000| Complete 
|  41|0x0000000082900000, 0x0000000082a00000, 0x0000000082a00000|100%| O|  |TAMS 0x0000000082900000, 0x0000000082a00000| Untracked 
|  42|0x0000000082a00000, 0x0000000082b00000, 0x0000000082b00000|100%| O|  |TAMS 0x0000000082a00000, 0x0000000082b00000| Untracked 
|  43|0x0000000082b00000, 0x0000000082c00000, 0x0000000082c00000|100%| O|  |TAMS 0x0000000082b00000, 0x0000000082c00000| Untracked 
|  44|0x0000000082c00000, 0x0000000082d00000, 0x0000000082d00000|100%| O|  |TAMS 0x0000000082c00000, 0x0000000082d00000| Untracked 
|  45|0x0000000082d00000, 0x0000000082e00000, 0x0000000082e00000|100%| O|  |TAMS 0x0000000082d00000, 0x0000000082e00000| Untracked 
|  46|0x0000000082e00000, 0x0000000082f00000, 0x0000000082f00000|100%| O|  |TAMS 0x0000000082e00000, 0x0000000082f00000| Untracked 
|  47|0x0000000082f00000, 0x0000000083000000, 0x0000000083000000|100%| O|  |TAMS 0x0000000082f00000, 0x0000000082f80c00| Untracked 
|  48|0x0000000083000000, 0x0000000083100000, 0x0000000083100000|100%| O|  |TAMS 0x0000000083000000, 0x0000000083000000| Untracked 
|  49|0x0000000083100000, 0x0000000083200000, 0x0000000083200000|100%| O|  |TAMS 0x0000000083100000, 0x0000000083100000| Untracked 
|  50|0x0000000083200000, 0x0000000083300000, 0x0000000083300000|100%| O|  |TAMS 0x0000000083200000, 0x0000000083200000| Untracked 
|  51|0x0000000083300000, 0x00000000833d6208, 0x0000000083400000| 83%| O|  |TAMS 0x0000000083300000, 0x0000000083300000| Untracked 
|  52|0x0000000083400000, 0x0000000083500000, 0x0000000083500000|100%|HS|  |TAMS 0x0000000083400000, 0x0000000083400000| Complete 
|  53|0x0000000083500000, 0x0000000083500000, 0x0000000083600000|  0%| F|  |TAMS 0x0000000083500000, 0x0000000083500000| Untracked 
|  54|0x0000000083600000, 0x0000000083600000, 0x0000000083700000|  0%| F|  |TAMS 0x0000000083600000, 0x0000000083600000| Untracked 
|  55|0x0000000083700000, 0x0000000083700000, 0x0000000083800000|  0%| F|  |TAMS 0x0000000083700000, 0x0000000083700000| Untracked 
|  56|0x0000000083800000, 0x0000000083800000, 0x0000000083900000|  0%| F|  |TAMS 0x0000000083800000, 0x0000000083800000| Untracked 
|  57|0x0000000083900000, 0x0000000083900000, 0x0000000083a00000|  0%| F|  |TAMS 0x0000000083900000, 0x0000000083900000| Untracked 
|  58|0x0000000083a00000, 0x0000000083a00000, 0x0000000083b00000|  0%| F|  |TAMS 0x0000000083a00000, 0x0000000083a00000| Untracked 
|  59|0x0000000083b00000, 0x0000000083b00000, 0x0000000083c00000|  0%| F|  |TAMS 0x0000000083b00000, 0x0000000083b00000| Untracked 
|  60|0x0000000083c00000, 0x0000000083c00000, 0x0000000083d00000|  0%| F|  |TAMS 0x0000000083c00000, 0x0000000083c00000| Untracked 
|  61|0x0000000083d00000, 0x0000000083d00000, 0x0000000083e00000|  0%| F|  |TAMS 0x0000000083d00000, 0x0000000083d00000| Untracked 
|  62|0x0000000083e00000, 0x0000000083e00000, 0x0000000083f00000|  0%| F|  |TAMS 0x0000000083e00000, 0x0000000083e00000| Untracked 
|  63|0x0000000083f00000, 0x0000000083f00000, 0x0000000084000000|  0%| F|  |TAMS 0x0000000083f00000, 0x0000000083f00000| Untracked 
|  64|0x0000000084000000, 0x0000000084000000, 0x0000000084100000|  0%| F|  |TAMS 0x0000000084000000, 0x0000000084000000| Untracked 
|  65|0x0000000084100000, 0x0000000084100000, 0x0000000084200000|  0%| F|  |TAMS 0x0000000084100000, 0x0000000084100000| Untracked 
|  66|0x0000000084200000, 0x0000000084200000, 0x0000000084300000|  0%| F|  |TAMS 0x0000000084200000, 0x0000000084200000| Untracked 
|  67|0x0000000084300000, 0x0000000084300000, 0x0000000084400000|  0%| F|  |TAMS 0x0000000084300000, 0x0000000084300000| Untracked 
|  68|0x0000000084400000, 0x0000000084400000, 0x0000000084500000|  0%| F|  |TAMS 0x0000000084400000, 0x0000000084400000| Untracked 
|  69|0x0000000084500000, 0x0000000084500000, 0x0000000084600000|  0%| F|  |TAMS 0x0000000084500000, 0x0000000084500000| Untracked 
|  70|0x0000000084600000, 0x0000000084600000, 0x0000000084700000|  0%| F|  |TAMS 0x0000000084600000, 0x0000000084600000| Untracked 
|  71|0x0000000084700000, 0x0000000084700000, 0x0000000084800000|  0%| F|  |TAMS 0x0000000084700000, 0x0000000084700000| Untracked 
|  72|0x0000000084800000, 0x0000000084800000, 0x0000000084900000|  0%| F|  |TAMS 0x0000000084800000, 0x0000000084800000| Untracked 
|  73|0x0000000084900000, 0x0000000084900000, 0x0000000084a00000|  0%| F|  |TAMS 0x0000000084900000, 0x0000000084900000| Untracked 
|  74|0x0000000084a00000, 0x0000000084a00000, 0x0000000084b00000|  0%| F|  |TAMS 0x0000000084a00000, 0x0000000084a00000| Untracked 
|  75|0x0000000084b00000, 0x0000000084b00000, 0x0000000084c00000|  0%| F|  |TAMS 0x0000000084b00000, 0x0000000084b00000| Untracked 
|  76|0x0000000084c00000, 0x0000000084c00000, 0x0000000084d00000|  0%| F|  |TAMS 0x0000000084c00000, 0x0000000084c00000| Untracked 
|  77|0x0000000084d00000, 0x0000000084d00000, 0x0000000084e00000|  0%| F|  |TAMS 0x0000000084d00000, 0x0000000084d00000| Untracked 
|  78|0x0000000084e00000, 0x0000000084e00000, 0x0000000084f00000|  0%| F|  |TAMS 0x0000000084e00000, 0x0000000084e00000| Untracked 
|  79|0x0000000084f00000, 0x0000000085000000, 0x0000000085000000|100%| S|CS|TAMS 0x0000000084f00000, 0x0000000084f00000| Complete 
|  80|0x0000000085000000, 0x0000000085000000, 0x0000000085100000|  0%| F|  |TAMS 0x0000000085000000, 0x0000000085000000| Untracked 
|  81|0x0000000085100000, 0x0000000085100000, 0x0000000085200000|  0%| F|  |TAMS 0x0000000085100000, 0x0000000085100000| Untracked 
|  82|0x0000000085200000, 0x0000000085200000, 0x0000000085300000|  0%| F|  |TAMS 0x0000000085200000, 0x0000000085200000| Untracked 
|  83|0x0000000085300000, 0x0000000085300000, 0x0000000085400000|  0%| F|  |TAMS 0x0000000085300000, 0x0000000085300000| Untracked 
|  84|0x0000000085400000, 0x0000000085400000, 0x0000000085500000|  0%| F|  |TAMS 0x0000000085400000, 0x0000000085400000| Untracked 
|  85|0x0000000085500000, 0x0000000085500000, 0x0000000085600000|  0%| F|  |TAMS 0x0000000085500000, 0x0000000085500000| Untracked 
|  86|0x0000000085600000, 0x00000000856cd6c8, 0x0000000085700000| 80%| E|  |TAMS 0x0000000085600000, 0x0000000085600000| Complete 
|  87|0x0000000085700000, 0x0000000085800000, 0x0000000085800000|100%| E|CS|TAMS 0x0000000085700000, 0x0000000085700000| Complete 
|  88|0x0000000085800000, 0x0000000085900000, 0x0000000085900000|100%| E|CS|TAMS 0x0000000085800000, 0x0000000085800000| Complete 
|  89|0x0000000085900000, 0x0000000085a00000, 0x0000000085a00000|100%| E|CS|TAMS 0x0000000085900000, 0x0000000085900000| Complete 
|  90|0x0000000085a00000, 0x0000000085b00000, 0x0000000085b00000|100%| E|CS|TAMS 0x0000000085a00000, 0x0000000085a00000| Complete 
|  91|0x0000000085b00000, 0x0000000085c00000, 0x0000000085c00000|100%| E|CS|TAMS 0x0000000085b00000, 0x0000000085b00000| Complete 
| 117|0x0000000087500000, 0x0000000087600000, 0x0000000087600000|100%| E|CS|TAMS 0x0000000087500000, 0x0000000087500000| Complete 

Card table byte_map: [0x000001b5fb390000,0x000001b5fb790000] _byte_map_base: 0x000001b5faf90000

Marking Bits (Prev, Next): (CMBitMap*) 0x000001b5f56c8e80, (CMBitMap*) 0x000001b5f56c8ec0
 Prev Bits: [0x000001b5fbb90000, 0x000001b5fdb90000)
 Next Bits: [0x000001b5fdb90000, 0x000001b5ffb90000)

Polling page: 0x000001b5f53d0000

Metaspace:

Usage:
  Non-class:     49.78 MB used.
      Class:      7.90 MB used.
       Both:     57.68 MB used.

Virtual space:
  Non-class space:       64.00 MB reserved,      50.06 MB ( 78%) committed,  1 nodes.
      Class space:        1.00 GB reserved,       8.19 MB ( <1%) committed,  1 nodes.
             Both:        1.06 GB reserved,      58.25 MB (  5%) committed. 

Chunk freelists:
   Non-Class:  13.95 MB
       Class:  7.86 MB
        Both:  21.81 MB

MaxMetaspaceSize: unlimited
CompressedClassSpaceSize: 1.00 GB
Initial GC threshold: 21.00 MB
Current GC threshold: 58.88 MB
CDS: off
MetaspaceReclaimPolicy: balanced
 - commit_granule_bytes: 65536.
 - commit_granule_words: 8192.
 - virtual_space_node_default_size: 8388608.
 - enlarge_chunks_in_place: 1.
 - new_chunks_are_fully_committed: 0.
 - uncommit_free_chunks: 1.
 - use_allocation_guard: 0.
 - handle_deallocations: 1.


Internal statistics:

num_allocs_failed_limit: 6.
num_arena_births: 654.
num_arena_deaths: 0.
num_vsnodes_births: 2.
num_vsnodes_deaths: 0.
num_space_committed: 932.
num_space_uncommitted: 0.
num_chunks_returned_to_freelist: 6.
num_chunks_taken_from_freelist: 2671.
num_chunk_merges: 6.
num_chunk_splits: 1755.
num_chunks_enlarged: 1175.
num_inconsistent_stats: 0.

CodeHeap 'non-profiled nmethods': size=120000Kb used=2937Kb max_used=3335Kb free=117062Kb
 bounds [0x000001b587ad0000, 0x000001b587e20000, 0x000001b58f000000]
CodeHeap 'profiled nmethods': size=120000Kb used=10793Kb max_used=10986Kb free=109206Kb
 bounds [0x000001b580000000, 0x000001b580ac0000, 0x000001b587530000]
CodeHeap 'non-nmethods': size=5760Kb used=1631Kb max_used=1688Kb free=4128Kb
 bounds [0x000001b587530000, 0x000001b5877a0000, 0x000001b587ad0000]
 total_blobs=6576 nmethods=5874 adapters=613
 compilation: enabled
              stopped_count=0, restarted_count=0
 full_count=0

Compilation events (20 events):
Event: 12.451 Thread 0x000001b591ace050 6671       3       java.util.zip.ZipFile$ZipFileInflaterInputStream::available (44 bytes)
Event: 12.452 Thread 0x000001b591ace050 nmethod 6671 0x000001b580208710 code [0x000001b5802088e0, 0x000001b580208c48]
Event: 12.452 Thread 0x000001b591ace050 6672   !   3       java.util.zip.Inflater::getBytesWritten (23 bytes)
Event: 12.452 Thread 0x000001b591ace050 nmethod 6672 0x000001b580208210 code [0x000001b5802083c0, 0x000001b5802085e8]
Event: 12.464 Thread 0x000001b591ace050 6673       3       java.util.TreeMap::rotateLeft (96 bytes)
Event: 12.464 Thread 0x000001b591ace050 nmethod 6673 0x000001b580207990 code [0x000001b580207b60, 0x000001b580208098]
Event: 12.472 Thread 0x000001b591acc220 6674       4       sun.instrument.InstrumentationImpl::transform (73 bytes)
Event: 12.492 Thread 0x000001b591ace050 6675       3       sun.reflect.generics.reflectiveObjects.LazyReflectiveObjectGenerator::<init> (10 bytes)
Event: 12.492 Thread 0x000001b591ace050 nmethod 6675 0x000001b580207590 code [0x000001b580207720, 0x000001b5802078d8]
Event: 12.493 Thread 0x000001b591acc220 nmethod 6674 0x000001b587c8e490 code [0x000001b587c8e660, 0x000001b587c8eb98]
Event: 12.495 Thread 0x000001b591acc220 6676       4       java.lang.String::indexOf (64 bytes)
Event: 12.495 Thread 0x000001b591ace050 6677       3       com.google.common.collect.MapMakerInternalMap$StrongKeyWeakValueEntry$LinkedStrongKeyWeakValueEntry::getNext (5 bytes)
Event: 12.496 Thread 0x000001b591ace050 nmethod 6677 0x000001b58000db90 code [0x000001b58000dd20, 0x000001b58000de38]
Event: 12.497 Thread 0x000001b591acc220 nmethod 6676 0x000001b587ca1710 code [0x000001b587ca1880, 0x000001b587ca1ab8]
Event: 12.502 Thread 0x000001b591ace050 6678   !   3       com.google.common.collect.MapMakerInternalMap$Segment::get (58 bytes)
Event: 12.504 Thread 0x000001b591ace050 nmethod 6678 0x000001b580148610 code [0x000001b580148900, 0x000001b580149e38]
Event: 12.504 Thread 0x000001b591ace050 6679       3       com.google.common.collect.MapMakerInternalMap$Segment::getLiveEntry (7 bytes)
Event: 12.504 Thread 0x000001b591ace050 nmethod 6679 0x000001b580207190 code [0x000001b580207320, 0x000001b5802074c8]
Event: 12.504 Thread 0x000001b591ace050 6680       3       com.google.common.collect.MapMakerInternalMap$Segment::postReadCleanup (18 bytes)
Event: 12.504 Thread 0x000001b591ace050 nmethod 6680 0x000001b580206b90 code [0x000001b580206d40, 0x000001b580207058]

GC Heap History (20 events):
Event: 6.141 GC heap before
{Heap before GC invocations=7 (full 0):
 garbage-first heap   total 68608K, used 48548K [0x0000000080000000, 0x0000000100000000)
  region size 1024K, 28 young (28672K), 2 survivors (2048K)
 Metaspace       used 33335K, committed 33664K, reserved 1114112K
  class space    used 4534K, committed 4672K, reserved 1048576K
}
Event: 6.147 GC heap after
{Heap after GC invocations=8 (full 0):
 garbage-first heap   total 68608K, used 24013K [0x0000000080000000, 0x0000000100000000)
  region size 1024K, 3 young (3072K), 3 survivors (3072K)
 Metaspace       used 33335K, committed 33664K, reserved 1114112K
  class space    used 4534K, committed 4672K, reserved 1048576K
}
Event: 6.566 GC heap before
{Heap before GC invocations=8 (full 0):
 garbage-first heap   total 68608K, used 39373K [0x0000000080000000, 0x0000000100000000)
  region size 1024K, 20 young (20480K), 3 survivors (3072K)
 Metaspace       used 35800K, committed 36096K, reserved 1114112K
  class space    used 4890K, committed 5056K, reserved 1048576K
}
Event: 6.572 GC heap after
{Heap after GC invocations=9 (full 0):
 garbage-first heap   total 68608K, used 24785K [0x0000000080000000, 0x0000000100000000)
  region size 1024K, 2 young (2048K), 2 survivors (2048K)
 Metaspace       used 35800K, committed 36096K, reserved 1114112K
  class space    used 4890K, committed 5056K, reserved 1048576K
}
Event: 7.307 GC heap before
{Heap before GC invocations=10 (full 0):
 garbage-first heap   total 68608K, used 51409K [0x0000000080000000, 0x0000000100000000)
  region size 1024K, 29 young (29696K), 2 survivors (2048K)
 Metaspace       used 41306K, committed 41664K, reserved 1114112K
  class space    used 5481K, committed 5632K, reserved 1048576K
}
Event: 7.314 GC heap after
{Heap after GC invocations=11 (full 0):
 garbage-first heap   total 68608K, used 28196K [0x0000000080000000, 0x0000000100000000)
  region size 1024K, 4 young (4096K), 4 survivors (4096K)
 Metaspace       used 41306K, committed 41664K, reserved 1114112K
  class space    used 5481K, committed 5632K, reserved 1048576K
}
Event: 7.581 GC heap before
{Heap before GC invocations=11 (full 0):
 garbage-first heap   total 68608K, used 52772K [0x0000000080000000, 0x0000000100000000)
  region size 1024K, 28 young (28672K), 4 survivors (4096K)
 Metaspace       used 42429K, committed 42816K, reserved 1114112K
  class space    used 5656K, committed 5824K, reserved 1048576K
}
Event: 7.588 GC heap after
{Heap after GC invocations=12 (full 0):
 garbage-first heap   total 68608K, used 30338K [0x0000000080000000, 0x0000000100000000)
  region size 1024K, 3 young (3072K), 3 survivors (3072K)
 Metaspace       used 42429K, committed 42816K, reserved 1114112K
  class space    used 5656K, committed 5824K, reserved 1048576K
}
Event: 8.111 GC heap before
{Heap before GC invocations=12 (full 0):
 garbage-first heap   total 68608K, used 52866K [0x0000000080000000, 0x0000000100000000)
  region size 1024K, 25 young (25600K), 3 survivors (3072K)
 Metaspace       used 44540K, committed 44992K, reserved 1114112K
  class space    used 5991K, committed 6208K, reserved 1048576K
}
Event: 8.116 GC heap after
{Heap after GC invocations=13 (full 0):
 garbage-first heap   total 95232K, used 31845K [0x0000000080000000, 0x0000000100000000)
  region size 1024K, 4 young (4096K), 4 survivors (4096K)
 Metaspace       used 44540K, committed 44992K, reserved 1114112K
  class space    used 5991K, committed 6208K, reserved 1048576K
}
Event: 9.215 GC heap before
{Heap before GC invocations=13 (full 0):
 garbage-first heap   total 95232K, used 72805K [0x0000000080000000, 0x0000000100000000)
  region size 1024K, 44 young (45056K), 4 survivors (4096K)
 Metaspace       used 49909K, committed 50368K, reserved 1114112K
  class space    used 6850K, committed 7040K, reserved 1048576K
}
Event: 9.223 GC heap after
{Heap after GC invocations=14 (full 0):
 garbage-first heap   total 95232K, used 34101K [0x0000000080000000, 0x0000000100000000)
  region size 1024K, 4 young (4096K), 4 survivors (4096K)
 Metaspace       used 49909K, committed 50368K, reserved 1114112K
  class space    used 6850K, committed 7040K, reserved 1048576K
}
Event: 10.273 GC heap before
{Heap before GC invocations=14 (full 0):
 garbage-first heap   total 95232K, used 76085K [0x0000000080000000, 0x0000000100000000)
  region size 1024K, 44 young (45056K), 4 survivors (4096K)
 Metaspace       used 55102K, committed 55616K, reserved 1114112K
  class space    used 7574K, committed 7808K, reserved 1048576K
}
Event: 10.282 GC heap after
{Heap after GC invocations=15 (full 0):
 garbage-first heap   total 95232K, used 36427K [0x0000000080000000, 0x0000000100000000)
  region size 1024K, 5 young (5120K), 5 survivors (5120K)
 Metaspace       used 55102K, committed 55616K, reserved 1114112K
  class space    used 7574K, committed 7808K, reserved 1048576K
}
Event: 11.529 GC heap before
{Heap before GC invocations=15 (full 0):
 garbage-first heap   total 95232K, used 74315K [0x0000000080000000, 0x0000000100000000)
  region size 1024K, 43 young (44032K), 5 survivors (5120K)
 Metaspace       used 56591K, committed 57088K, reserved 1114112K
  class space    used 7760K, committed 8000K, reserved 1048576K
}
Event: 11.538 GC heap after
{Heap after GC invocations=16 (full 0):
 garbage-first heap   total 95232K, used 41203K [0x0000000080000000, 0x0000000100000000)
  region size 1024K, 6 young (6144K), 6 survivors (6144K)
 Metaspace       used 56591K, committed 57088K, reserved 1114112K
  class space    used 7760K, committed 8000K, reserved 1048576K
}
Event: 12.190 GC heap before
{Heap before GC invocations=16 (full 0):
 garbage-first heap   total 95232K, used 79091K [0x0000000080000000, 0x0000000100000000)
  region size 1024K, 38 young (38912K), 6 survivors (6144K)
 Metaspace       used 57637K, committed 58176K, reserved 1114112K
  class space    used 7912K, committed 8192K, reserved 1048576K
}
Event: 12.204 GC heap after
{Heap after GC invocations=17 (full 0):
 garbage-first heap   total 95232K, used 52739K [0x0000000080000000, 0x0000000100000000)
  region size 1024K, 5 young (5120K), 5 survivors (5120K)
 Metaspace       used 57637K, committed 58176K, reserved 1114112K
  class space    used 7912K, committed 8192K, reserved 1048576K
}
Event: 12.473 GC heap before
{Heap before GC invocations=17 (full 0):
 garbage-first heap   total 95232K, used 64003K [0x0000000080000000, 0x0000000100000000)
  region size 1024K, 18 young (18432K), 5 survivors (5120K)
 Metaspace       used 58539K, committed 59072K, reserved 1114112K
  class space    used 8022K, committed 8256K, reserved 1048576K
}
Event: 12.478 GC heap after
{Heap after GC invocations=18 (full 0):
 garbage-first heap   total 95232K, used 54104K [0x0000000080000000, 0x0000000100000000)
  region size 1024K, 1 young (1024K), 1 survivors (1024K)
 Metaspace       used 58539K, committed 59072K, reserved 1114112K
  class space    used 8022K, committed 8256K, reserved 1048576K
}

Dll operation events (3 events):
Event: 0.015 Loaded shared library C:\Program Files\Android\Android Studio\jbr\bin\java.dll
Event: 0.196 Loaded shared library C:\Program Files\Android\Android Studio\jbr\bin\zip.dll
Event: 0.695 Loaded shared library C:\Program Files\Android\Android Studio\jbr\bin\verify.dll

Deoptimization events (20 events):
Event: 12.293 Thread 0x000001b598333460 DEOPT PACKING pc=0x000001b587dc1b60 sp=0x0000008b8b4f7100
Event: 12.293 Thread 0x000001b598333460 DEOPT UNPACKING pc=0x000001b5875869a3 sp=0x0000008b8b4f6ef8 mode 2
Event: 12.298 Thread 0x000001b598333460 Uncommon trap: trap_request=0xffffffde fr.pc=0x000001b587ce3dd8 relative=0x0000000000000858
Event: 12.298 Thread 0x000001b598333460 Uncommon trap: reason=class_check action=maybe_recompile pc=0x000001b587ce3dd8 method=java.io.BufferedInputStream.read1([BII)I @ 39 c2
Event: 12.298 Thread 0x000001b598333460 DEOPT PACKING pc=0x000001b587ce3dd8 sp=0x0000008b8b4f6f50
Event: 12.298 Thread 0x000001b598333460 DEOPT UNPACKING pc=0x000001b5875869a3 sp=0x0000008b8b4f6e68 mode 2
Event: 12.298 Thread 0x000001b598333460 DEOPT PACKING pc=0x000001b58065aece sp=0x0000008b8b4f7050
Event: 12.298 Thread 0x000001b598333460 DEOPT UNPACKING pc=0x000001b587587143 sp=0x0000008b8b4f6518 mode 0
Event: 12.298 Thread 0x000001b598333460 Uncommon trap: trap_request=0xffffffde fr.pc=0x000001b587ce3dd8 relative=0x0000000000000858
Event: 12.298 Thread 0x000001b598333460 Uncommon trap: reason=class_check action=maybe_recompile pc=0x000001b587ce3dd8 method=java.io.BufferedInputStream.read1([BII)I @ 39 c2
Event: 12.298 Thread 0x000001b598333460 DEOPT PACKING pc=0x000001b587ce3dd8 sp=0x0000008b8b4f6f50
Event: 12.299 Thread 0x000001b598333460 DEOPT UNPACKING pc=0x000001b5875869a3 sp=0x0000008b8b4f6e68 mode 2
Event: 12.299 Thread 0x000001b598333460 Uncommon trap: trap_request=0xffffffde fr.pc=0x000001b587ce3dd8 relative=0x0000000000000858
Event: 12.299 Thread 0x000001b598333460 Uncommon trap: reason=class_check action=maybe_recompile pc=0x000001b587ce3dd8 method=java.io.BufferedInputStream.read1([BII)I @ 39 c2
Event: 12.299 Thread 0x000001b598333460 DEOPT PACKING pc=0x000001b587ce3dd8 sp=0x0000008b8b4f6f50
Event: 12.299 Thread 0x000001b598333460 DEOPT UNPACKING pc=0x000001b5875869a3 sp=0x0000008b8b4f6e68 mode 2
Event: 12.423 Thread 0x000001b598333460 Uncommon trap: trap_request=0xffffffde fr.pc=0x000001b587dc1b60 relative=0x0000000000005f20
Event: 12.423 Thread 0x000001b598333460 Uncommon trap: reason=class_check action=maybe_recompile pc=0x000001b587dc1b60 method=java.util.jar.JarFile.getManifestFromReference()Ljava/util/jar/Manifest; @ 152 c2
Event: 12.423 Thread 0x000001b598333460 DEOPT PACKING pc=0x000001b587dc1b60 sp=0x0000008b8b4f69d0
Event: 12.423 Thread 0x000001b598333460 DEOPT UNPACKING pc=0x000001b5875869a3 sp=0x0000008b8b4f67c8 mode 2

Classes unloaded (0 events):
No events

Classes redefined (0 events):
No events

Internal exceptions (20 events):
Event: 10.309 Thread 0x000001b598333460 Exception <a 'java/lang/NoSuchMethodError'{0x00000000875b1680}: 'java.lang.Object java.lang.invoke.Invokers$Holder.linkToTargetMethod(java.lang.Object, java.lang.Object, java.lang.Object, java.lang.Object, int, java.lang.Object)'> (0x00000000875b1680) 
thrown [s\src\hotspot\share\interpreter\linkResolver.cpp, line 771]
Event: 10.316 Thread 0x000001b598333460 Exception <a 'java/lang/NoSuchMethodError'{0x00000000875e4330}: 'java.lang.Object java.lang.invoke.DirectMethodHandle$Holder.invokeSpecial(java.lang.Object, java.lang.Object, java.lang.Object, java.lang.Object, java.lang.Object, long)'> (0x00000000875e4330) 
thrown [s\src\hotspot\share\interpreter\linkResolver.cpp, line 771]
Event: 10.320 Thread 0x000001b598333460 Exception <a 'java/lang/NoSuchMethodError'{0x0000000085b08658}: 'void java.lang.invoke.DirectMethodHandle$Holder.invokeStatic(java.lang.Object, java.lang.Object, java.lang.Object, int, java.lang.Object)'> (0x0000000085b08658) 
thrown [s\src\hotspot\share\interpreter\linkResolver.cpp, line 771]
Event: 11.261 Thread 0x000001b598333460 Exception <a 'java/lang/NoSuchMethodError'{0x0000000084ac52f8}: 'java.lang.Object java.lang.invoke.DirectMethodHandle$Holder.newInvokeSpecial(java.lang.Object, java.lang.Object, java.lang.Object, java.lang.Object, int, java.lang.Object)'> (0x0000000084ac52f8) 
thrown [s\src\hotspot\share\interpreter\linkResolver.cpp, line 771]
Event: 11.262 Thread 0x000001b598333460 Exception <a 'java/lang/NoSuchMethodError'{0x0000000084aca650}: 'java.lang.Object java.lang.invoke.Invokers$Holder.linkToTargetMethod(java.lang.Object, java.lang.Object, java.lang.Object, int, java.lang.Object, java.lang.Object)'> (0x0000000084aca650) 
thrown [s\src\hotspot\share\interpreter\linkResolver.cpp, line 771]
Event: 11.674 Thread 0x000001b598333460 Exception <a 'java/lang/NoSuchMethodError'{0x00000000850d36a8}: 'long java.lang.invoke.DirectMethodHandle$Holder.invokeVirtual(java.lang.Object, java.lang.Object)'> (0x00000000850d36a8) 
thrown [s\src\hotspot\share\interpreter\linkResolver.cpp, line 771]
Event: 11.678 Thread 0x000001b598418c70 Exception <a 'java/lang/NoSuchMethodError'{0x0000000084f09478}: static Lorg/gradle/internal/build/event/types/DefaultOperationFinishedProgressEvent;.<clinit>()V> (0x0000000084f09478) 
thrown [s\src\hotspot\share\prims\jni.cpp, line 1127]
Event: 11.683 Thread 0x000001b598418c70 Exception <a 'java/lang/NoSuchMethodError'{0x0000000084fb1630}: static Lorg/gradle/internal/build/event/types/DefaultProjectConfigurationSuccessResult;.<clinit>()V> (0x0000000084fb1630) 
thrown [s\src\hotspot\share\prims\jni.cpp, line 1127]
Event: 11.683 Thread 0x000001b598418c70 Exception <a 'java/lang/NoSuchMethodError'{0x0000000084fb6010}: static Lorg/gradle/internal/build/event/types/AbstractProjectConfigurationResult;.<clinit>()V> (0x0000000084fb6010) 
thrown [s\src\hotspot\share\prims\jni.cpp, line 1127]
Event: 11.684 Thread 0x000001b598418c70 Exception <a 'java/lang/NoSuchMethodError'{0x0000000084fb7758}: static Lorg/gradle/internal/build/event/types/AbstractOperationResult;.<clinit>()V> (0x0000000084fb7758) 
thrown [s\src\hotspot\share\prims\jni.cpp, line 1127]
Event: 11.684 Thread 0x000001b598418c70 Exception <a 'java/lang/NoSuchMethodError'{0x0000000084fb8ba8}: static Lorg/gradle/internal/build/event/types/AbstractResult;.<clinit>()V> (0x0000000084fb8ba8) 
thrown [s\src\hotspot\share\prims\jni.cpp, line 1127]
Event: 11.686 Thread 0x000001b598418c70 Exception <a 'java/lang/NoSuchMethodError'{0x0000000084fd1ad0}: static Lorg/gradle/internal/build/event/types/DefaultPluginApplicationResult;.<clinit>()V> (0x0000000084fd1ad0) 
thrown [s\src\hotspot\share\prims\jni.cpp, line 1127]
Event: 11.688 Thread 0x000001b598418c70 Exception <a 'java/lang/NoSuchMethodError'{0x0000000084fde4c0}: static Lorg/gradle/internal/build/event/types/DefaultBinaryPluginIdentifier;.<clinit>()V> (0x0000000084fde4c0) 
thrown [s\src\hotspot\share\prims\jni.cpp, line 1127]
Event: 11.691 Thread 0x000001b598418c70 Exception <a 'java/lang/NoSuchMethodError'{0x0000000084e00ab0}: static Lorg/gradle/internal/build/event/types/DefaultScriptPluginIdentifier;.<clinit>()V> (0x0000000084e00ab0) 
thrown [s\src\hotspot\share\prims\jni.cpp, line 1127]
Event: 11.774 Thread 0x000001b598333460 Implicit null exception at 0x000001b587dedb92 to 0x000001b587dee1f4
Event: 11.853 Thread 0x000001b598333460 Exception <a 'java/lang/NoSuchMethodError'{0x000000008497ec50}: 'void java.lang.invoke.Invokers$Holder.invoke_MT(java.lang.Object, java.lang.Object, java.lang.Object, java.lang.Object)'> (0x000000008497ec50) 
thrown [s\src\hotspot\share\interpreter\linkResolver.cpp, line 771]
Event: 11.864 Thread 0x000001b598333460 Exception <a 'java/lang/NoSuchMethodError'{0x00000000849fbe38}: 'java.lang.Object java.lang.invoke.DirectMethodHandle$Holder.invokeSpecial(java.lang.Object, java.lang.Object, java.lang.Object, int, java.lang.Object, java.lang.Object)'> (0x00000000849fbe38) 
thrown [s\src\hotspot\share\interpreter\linkResolver.cpp, line 771]
Event: 12.100 Thread 0x000001b598333460 Exception <a 'java/lang/ClassNotFoundException'{0x000000008404b250}: sun/misc/SharedSecrets> (0x000000008404b250) 
thrown [s\src\hotspot\share\classfile\systemDictionary.cpp, line 256]
Event: 12.100 Thread 0x000001b598333460 Exception <a 'java/lang/ClassNotFoundException'{0x000000008404c828}: org/gradle/api/internal/plugins/DefaultObjectConfigurationActionBeanInfo> (0x000000008404c828) 
thrown [s\src\hotspot\share\classfile\systemDictionary.cpp, line 256]
Event: 12.101 Thread 0x000001b598333460 Exception <a 'java/lang/ClassNotFoundException'{0x0000000084062a18}: org/gradle/api/internal/plugins/DefaultObjectConfigurationActionCustomizer> (0x0000000084062a18) 
thrown [s\src\hotspot\share\classfile\systemDictionary.cpp, line 256]

VM Operations (20 events):
Event: 10.997 Executing VM operation: HandshakeAllThreads
Event: 10.997 Executing VM operation: HandshakeAllThreads done
Event: 11.061 Executing VM operation: HandshakeAllThreads
Event: 11.062 Executing VM operation: HandshakeAllThreads done
Event: 11.090 Executing VM operation: HandshakeAllThreads
Event: 11.090 Executing VM operation: HandshakeAllThreads done
Event: 11.095 Executing VM operation: ICBufferFull
Event: 11.096 Executing VM operation: ICBufferFull done
Event: 11.110 Executing VM operation: HandshakeAllThreads
Event: 11.110 Executing VM operation: HandshakeAllThreads done
Event: 11.338 Executing VM operation: ICBufferFull
Event: 11.339 Executing VM operation: ICBufferFull done
Event: 11.529 Executing VM operation: G1CollectForAllocation
Event: 11.538 Executing VM operation: G1CollectForAllocation done
Event: 11.775 Executing VM operation: ICBufferFull
Event: 11.775 Executing VM operation: ICBufferFull done
Event: 12.190 Executing VM operation: G1CollectForAllocation
Event: 12.204 Executing VM operation: G1CollectForAllocation done
Event: 12.473 Executing VM operation: G1TryInitiateConcMark
Event: 12.478 Executing VM operation: G1TryInitiateConcMark done

Events (20 events):
Event: 11.309 Thread 0x000001b597ba7ac0 Thread added: 0x000001b597ba7ac0
Event: 11.313 Thread 0x000001b597ba7fd0 Thread added: 0x000001b597ba7fd0
Event: 11.316 Thread 0x000001b597ba29c0 Thread added: 0x000001b597ba29c0
Event: 11.321 Thread 0x000001b597ba84e0 Thread added: 0x000001b597ba84e0
Event: 11.324 Thread 0x000001b597ba5750 Thread added: 0x000001b597ba5750
Event: 11.328 Thread 0x000001b597ba1580 Thread added: 0x000001b597ba1580
Event: 11.332 Thread 0x000001b597ba33e0 Thread added: 0x000001b597ba33e0
Event: 11.335 Thread 0x000001b597ba2ed0 Thread added: 0x000001b597ba2ed0
Event: 11.339 Thread 0x000001b597ba38f0 Thread added: 0x000001b597ba38f0
Event: 11.343 Thread 0x000001b597ba89f0 Thread added: 0x000001b597ba89f0
Event: 11.676 loading class java/util/stream/SortedOps$RefSortingSink
Event: 11.676 loading class java/util/stream/SortedOps$RefSortingSink done
Event: 11.689 loading class java/time/Ser
Event: 11.690 loading class java/time/Ser done
Event: 11.860 loading class java/lang/ProcessBuilder
Event: 11.862 loading class java/lang/ProcessBuilder done
Event: 12.100 loading class sun/misc/SharedSecrets
Event: 12.100 loading class sun/misc/SharedSecrets done
Event: 12.103 loading class jdk/internal/reflect/UnsafeObjectFieldAccessorImpl
Event: 12.104 loading class jdk/internal/reflect/UnsafeObjectFieldAccessorImpl done


Dynamic libraries:
0x00007ff7ee4d0000 - 0x00007ff7ee4da000 	C:\Program Files\Android\Android Studio\jbr\bin\java.exe
0x00007ffa0f0f0000 - 0x00007ffa0f307000 	C:\WINDOWS\SYSTEM32\ntdll.dll
0x00007ffa0d880000 - 0x00007ffa0d944000 	C:\WINDOWS\System32\KERNEL32.DLL
0x00007ffa0c4b0000 - 0x00007ffa0c85d000 	C:\WINDOWS\System32\KERNELBASE.dll
0x00007ffa0cd00000 - 0x00007ffa0ce11000 	C:\WINDOWS\System32\ucrtbase.dll
0x00007ff99b440000 - 0x00007ff99b457000 	C:\Program Files\Android\Android Studio\jbr\bin\jli.dll
0x00007ff9c01b0000 - 0x00007ff9c01cb000 	C:\Program Files\Android\Android Studio\jbr\bin\VCRUNTIME140.dll
0x00007ffa0eb80000 - 0x00007ffa0ed2e000 	C:\WINDOWS\System32\USER32.dll
0x00007ffa0c410000 - 0x00007ffa0c436000 	C:\WINDOWS\System32\win32u.dll
0x00007ff9f2600000 - 0x00007ff9f2893000 	C:\WINDOWS\WinSxS\amd64_microsoft.windows.common-controls_6595b64144ccf1df_6.0.22621.3672_none_2713b9d173822955\COMCTL32.dll
0x00007ffa0ef30000 - 0x00007ffa0ef59000 	C:\WINDOWS\System32\GDI32.dll
0x00007ffa0cf30000 - 0x00007ffa0cfd7000 	C:\WINDOWS\System32\msvcrt.dll
0x00007ffa0c920000 - 0x00007ffa0ca39000 	C:\WINDOWS\System32\gdi32full.dll
0x00007ffa0caf0000 - 0x00007ffa0cb8a000 	C:\WINDOWS\System32\msvcp_win.dll
0x00007ffa0f060000 - 0x00007ffa0f091000 	C:\WINDOWS\System32\IMM32.DLL
0x00007ffa059e0000 - 0x00007ffa059ec000 	C:\Program Files\Android\Android Studio\jbr\bin\vcruntime140_1.dll
0x00007ff9a6740000 - 0x00007ff9a67cd000 	C:\Program Files\Android\Android Studio\jbr\bin\msvcp140.dll
0x00007ff99b9f0000 - 0x00007ff99c673000 	C:\Program Files\Android\Android Studio\jbr\bin\server\jvm.dll
0x00007ffa0dc00000 - 0x00007ffa0dcb2000 	C:\WINDOWS\System32\ADVAPI32.dll
0x00007ffa0ead0000 - 0x00007ffa0eb79000 	C:\WINDOWS\System32\sechost.dll
0x00007ffa0cac0000 - 0x00007ffa0cae8000 	C:\WINDOWS\System32\bcrypt.dll
0x00007ffa0ee10000 - 0x00007ffa0ef24000 	C:\WINDOWS\System32\RPCRT4.dll
0x00007ffa0c130000 - 0x00007ffa0c17d000 	C:\WINDOWS\SYSTEM32\POWRPROF.dll
0x00007ff9f0770000 - 0x00007ff9f0779000 	C:\WINDOWS\SYSTEM32\WSOCK32.dll
0x00007ffa07b90000 - 0x00007ffa07bc4000 	C:\WINDOWS\SYSTEM32\WINMM.dll
0x00007ffa03740000 - 0x00007ffa0374a000 	C:\WINDOWS\SYSTEM32\VERSION.dll
0x00007ffa0d020000 - 0x00007ffa0d091000 	C:\WINDOWS\System32\WS2_32.dll
0x00007ffa0c110000 - 0x00007ffa0c123000 	C:\WINDOWS\SYSTEM32\UMPDC.dll
0x00007ffa0b460000 - 0x00007ffa0b478000 	C:\WINDOWS\SYSTEM32\kernel.appcore.dll
0x00007ff99b9e0000 - 0x00007ff99b9ea000 	C:\Program Files\Android\Android Studio\jbr\bin\jimage.dll
0x00007ffa04d40000 - 0x00007ffa04f72000 	C:\WINDOWS\SYSTEM32\DBGHELP.DLL
0x00007ffa0d150000 - 0x00007ffa0d4de000 	C:\WINDOWS\System32\combase.dll
0x00007ffa0ed30000 - 0x00007ffa0ee07000 	C:\WINDOWS\System32\OLEAUT32.dll
0x00007ff9f0810000 - 0x00007ff9f0842000 	C:\WINDOWS\SYSTEM32\dbgcore.DLL
0x00007ffa0ca40000 - 0x00007ffa0cabb000 	C:\WINDOWS\System32\bcryptPrimitives.dll
0x00007ff99b460000 - 0x00007ff99b46e000 	C:\Program Files\Android\Android Studio\jbr\bin\instrument.dll
0x00007ff99b9b0000 - 0x00007ff99b9d5000 	C:\Program Files\Android\Android Studio\jbr\bin\java.dll
0x00007ff99b990000 - 0x00007ff99b9a8000 	C:\Program Files\Android\Android Studio\jbr\bin\zip.dll
0x00007ffa0dcc0000 - 0x00007ffa0e527000 	C:\WINDOWS\System32\SHELL32.dll
0x00007ffa0a350000 - 0x00007ffa0ac4f000 	C:\WINDOWS\SYSTEM32\windows.storage.dll
0x00007ffa0a210000 - 0x00007ffa0a34f000 	C:\WINDOWS\SYSTEM32\wintypes.dll
0x00007ffa0ef60000 - 0x00007ffa0f059000 	C:\WINDOWS\System32\SHCORE.dll
0x00007ffa0ce20000 - 0x00007ffa0ce7e000 	C:\WINDOWS\System32\shlwapi.dll
0x00007ffa0c340000 - 0x00007ffa0c367000 	C:\WINDOWS\SYSTEM32\profapi.dll
0x00007ff99b970000 - 0x00007ff99b989000 	C:\Program Files\Android\Android Studio\jbr\bin\net.dll
0x00007ffa083b0000 - 0x00007ffa084e6000 	C:\WINDOWS\SYSTEM32\WINHTTP.dll
0x00007ffa0b8d0000 - 0x00007ffa0b939000 	C:\WINDOWS\system32\mswsock.dll
0x00007ff99b950000 - 0x00007ff99b966000 	C:\Program Files\Android\Android Studio\jbr\bin\nio.dll
0x00007ff99b8b0000 - 0x00007ff99b8c0000 	C:\Program Files\Android\Android Studio\jbr\bin\verify.dll
0x00007ff9c0100000 - 0x00007ff9c0127000 	C:\Users\shuam\.gradle\native\c067742578af261105cb4f569cf0c3c89f3d7b1fecec35dd04571415982c5e48\windows-amd64\native-platform.dll
0x00007ff9a65f0000 - 0x00007ff9a6734000 	C:\Users\shuam\.gradle\native\38dada09dfb8b06ba9b0570ebf7e218e3eb74d4ef43ca46872605cf95ebc2f47\windows-amd64\native-platform-file-events.dll
0x00007ff99b480000 - 0x00007ff99b489000 	C:\Program Files\Android\Android Studio\jbr\bin\management.dll
0x00007ff99b470000 - 0x00007ff99b47b000 	C:\Program Files\Android\Android Studio\jbr\bin\management_ext.dll
0x00007ffa0f0a0000 - 0x00007ffa0f0a8000 	C:\WINDOWS\System32\PSAPI.DLL
0x00007ffa0bb20000 - 0x00007ffa0bb3b000 	C:\WINDOWS\SYSTEM32\CRYPTSP.dll
0x00007ffa0b3c0000 - 0x00007ffa0b3f5000 	C:\WINDOWS\system32\rsaenh.dll
0x00007ffa0b9c0000 - 0x00007ffa0b9e8000 	C:\WINDOWS\SYSTEM32\USERENV.dll
0x00007ffa0bb40000 - 0x00007ffa0bb4c000 	C:\WINDOWS\SYSTEM32\CRYPTBASE.dll
0x00007ffa0aeb0000 - 0x00007ffa0aedd000 	C:\WINDOWS\SYSTEM32\IPHLPAPI.DLL
0x00007ffa0cfe0000 - 0x00007ffa0cfe9000 	C:\WINDOWS\System32\NSI.dll
0x00007ffa08500000 - 0x00007ffa08519000 	C:\WINDOWS\SYSTEM32\dhcpcsvc6.DLL
0x00007ffa08180000 - 0x00007ffa0819f000 	C:\WINDOWS\SYSTEM32\dhcpcsvc.DLL
0x00007ffa0af20000 - 0x00007ffa0b018000 	C:\WINDOWS\SYSTEM32\DNSAPI.dll
0x00007ff99b4e0000 - 0x00007ff99b4e9000 	C:\Program Files\Android\Android Studio\jbr\bin\extnet.dll
0x00007ff99b4f0000 - 0x00007ff99b4f8000 	C:\WINDOWS\system32\wshunix.dll

dbghelp: loaded successfully - version: 4.0.5 - missing functions: none
symbol engine: initialized successfully - sym options: 0x614 - pdb path: .;C:\Program Files\Android\Android Studio\jbr\bin;C:\WINDOWS\SYSTEM32;C:\WINDOWS\WinSxS\amd64_microsoft.windows.common-controls_6595b64144ccf1df_6.0.22621.3672_none_2713b9d173822955;C:\Program Files\Android\Android Studio\jbr\bin\server;C:\Users\shuam\.gradle\native\c067742578af261105cb4f569cf0c3c89f3d7b1fecec35dd04571415982c5e48\windows-amd64;C:\Users\shuam\.gradle\native\38dada09dfb8b06ba9b0570ebf7e218e3eb74d4ef43ca46872605cf95ebc2f47\windows-amd64

VM Arguments:
jvm_args: --add-opens=java.base/java.util=ALL-UNNAMED --add-opens=java.base/java.lang=ALL-UNNAMED --add-opens=java.base/java.lang.invoke=ALL-UNNAMED --add-opens=java.prefs/java.util.prefs=ALL-UNNAMED --add-opens=java.base/java.nio.charset=ALL-UNNAMED --add-opens=java.base/java.net=ALL-UNNAMED --add-opens=java.base/java.util.concurrent.atomic=ALL-UNNAMED -Xmx2048m -Dfile.encoding=UTF-8 -Duser.country=IN -Duser.language=en -Duser.variant -javaagent:C:\Users\shuam\.gradle\wrapper\dists\gradle-8.7-bin\bhs2wmbdwecv87pi65oeuq5iu\gradle-8.7\lib\agents\gradle-instrumentation-agent-8.7.jar 
java_command: org.gradle.launcher.daemon.bootstrap.GradleDaemon 8.7
java_class_path (initial): C:\Users\shuam\.gradle\wrapper\dists\gradle-8.7-bin\bhs2wmbdwecv87pi65oeuq5iu\gradle-8.7\lib\gradle-launcher-8.7.jar
Launcher Type: SUN_STANDARD

[Global flags]
     intx CICompilerCount                          = 4                                         {product} {ergonomic}
     uint ConcGCThreads                            = 3                                         {product} {ergonomic}
     uint G1ConcRefinementThreads                  = 10                                        {product} {ergonomic}
   size_t G1HeapRegionSize                         = 1048576                                   {product} {ergonomic}
    uintx GCDrainStackTargetSize                   = 64                                        {product} {ergonomic}
   size_t InitialHeapSize                          = 123731968                                 {product} {ergonomic}
   size_t MarkStackSize                            = 4194304                                   {product} {ergonomic}
   size_t MaxHeapSize                              = 2147483648                                {product} {command line}
   size_t MaxNewSize                               = 1287651328                                {product} {ergonomic}
   size_t MinHeapDeltaBytes                        = 1048576                                   {product} {ergonomic}
   size_t MinHeapSize                              = 8388608                                   {product} {ergonomic}
    uintx NonNMethodCodeHeapSize                   = 5839372                                {pd product} {ergonomic}
    uintx NonProfiledCodeHeapSize                  = 122909434                              {pd product} {ergonomic}
    uintx ProfiledCodeHeapSize                     = 122909434                              {pd product} {ergonomic}
    uintx ReservedCodeCacheSize                    = 251658240                              {pd product} {ergonomic}
     bool SegmentedCodeCache                       = true                                      {product} {ergonomic}
   size_t SoftMaxHeapSize                          = 2147483648                             {manageable} {ergonomic}
     bool UseCompressedClassPointers               = true                           {product lp64_product} {ergonomic}
     bool UseCompressedOops                        = true                           {product lp64_product} {ergonomic}
     bool UseG1GC                                  = true                                      {product} {ergonomic}
     bool UseLargePagesIndividualAllocation        = false                                  {pd product} {ergonomic}

Logging:
Log output configuration:
 #0: stdout all=warning uptime,level,tags
 #1: stderr all=off uptime,level,tags

Environment Variables:
JAVA_HOME=C:\Program Files\OpenLogic\jdk-11.0.20.8-hotspot\bin
PATH=C:\Program Files\OpenLogic\jdk-11.0.20.8-hotspot\bin;C:\Program Files\Common Files\Oracle\Java\javapath;C:\Python310\Scripts\;C:\Python310\;C:\oraclexe\app\oracle\product\11.2.0\server\bin;C:\WINDOWS\system32;C:\WINDOWS;C:\WINDOWS\System32\Wbem;C:\WINDOWS\System32\WindowsPowerShell\v1.0\;C:\WINDOWS\System32\OpenSSH\;C:\MinGW\bin;C:\Program Files\dotnet\;C:\Program Files\Microsoft SQL Server\150\Tools\Binn\;C:\Program Files\Microsoft SQL Server\Client SDK\ODBC\170\Tools\Binn\;C:\Program Files\nodejs\;C:\flutter\bin;C:\Program Files\Git\cmd;C:\Program Files\MySQL\MySQL Shell 8.0\bin\;C:\Users\shuam\AppData\Local\Microsoft\WindowsApps;C:\Users\shuam\AppData\Local\Programs\Microsoft VS Code\bin;C:\Users\shuam\.dotnet\tools;C:\Users\shuam\AppData\Roaming\npm;C:\Users\shuam\AppData\Local\Android\Sdk;C:\Users\shuam\AppData\Local\Android\Sdk\platform-tools;C:\Users\shuam\AppData\Local\Android\Sdk\emulator;C:\Program Files\JetBrains\IntelliJ IDEA 2023.3.2\bin
USERNAME=Shubham Chavan
OS=Windows_NT
PROCESSOR_IDENTIFIER=AMD64 Family 23 Model 104 Stepping 1, AuthenticAMD
TMP=C:\Users\shuam\AppData\Local\Temp
TEMP=C:\Users\shuam\AppData\Local\Temp



Periodic native trim disabled

JNI global refs:
JNI global refs: 26, weak refs: 0

JNI global refs memory usage: 843, weak refs: 841

Process memory usage:
Resident Set Size: 284828K (3% of 7682084K total physical memory with 402464K free physical memory)

OOME stack traces (most recent first):
Classloader memory used:
Loader org.gradle.internal.classloader.VisitableURLClassLoader                         : 3498K
Loader bootstrap                                                                       : 2456K
Loader org.gradle.initialization.MixInLegacyTypesClassLoader                           : 1113K
Loader org.gradle.internal.classloader.VisitableURLClassLoader$InstrumentingVisitableURLClassLoader: 188K
Loader jdk.internal.loader.ClassLoaders$PlatformClassLoader                            : 67027B
Loader jdk.internal.loader.ClassLoaders$AppClassLoader                                 : 28714B
Loader jdk.internal.reflect.DelegatingClassLoader                                      : 21350B
Loader org.gradle.internal.classloader.VisitableURLClassLoader                         : 17452B

Classes loaded by more than one classloader:
Class Program                                                                         : loaded 4 times (x 72B)
Class com.google.common.collect.SingletonImmutableList                                : loaded 2 times (x 167B)
Class org.gradle.internal.classpath.ClassPath                                         : loaded 2 times (x 68B)
Class org.gradle.api.internal.classpath.DefaultModuleRegistry                         : loaded 2 times (x 84B)
Class Settings_gradle$1$1                                                             : loaded 2 times (x 72B)
Class com.google.common.collect.ListMultimap                                          : loaded 2 times (x 68B)
Class com.google.common.base.CharMatcher$JavaDigit                                    : loaded 2 times (x 109B)
Class com.google.common.base.CharMatcher$Digit                                        : loaded 2 times (x 110B)
Class com.google.common.collect.AbstractMultimap                                      : loaded 2 times (x 121B)
Class org.gradle.api.Action                                                           : loaded 2 times (x 68B)
Class com.google.common.collect.Lists$StringAsImmutableList                           : loaded 2 times (x 167B)
Class com.google.common.base.CharMatcher                                              : loaded 2 times (x 109B)
Class com.google.common.base.CharMatcher$IsNot                                        : loaded 2 times (x 109B)
Class com.google.common.base.Splitter                                                 : loaded 2 times (x 70B)
Class org.gradle.api.internal.DefaultClassPathProvider                                : loaded 2 times (x 74B)
Class org.gradle.internal.installation.GradleInstallation$1                           : loaded 2 times (x 73B)
Class com.google.common.base.CharMatcher$BitSetMatcher                                : loaded 2 times (x 110B)
Class com.google.common.collect.ImmutableMap$IteratorBasedImmutableMap                : loaded 2 times (x 123B)
Class com.google.common.collect.ImmutableMap                                          : loaded 2 times (x 118B)
Class com.google.common.base.Converter                                                : loaded 2 times (x 88B)
Class com.google.common.base.Predicate                                                : loaded 2 times (x 68B)
Class org.gradle.internal.classloader.FilteringClassLoader                            : loaded 2 times (x 103B)
Class org.gradle.internal.classpath.DefaultClassPath$ImmutableUniqueList$Builder      : loaded 2 times (x 73B)
Class com.google.common.collect.Maps$8                                                : loaded 2 times (x 80B)
Class com.google.common.base.CharMatcher$InRange                                      : loaded 2 times (x 109B)
Class com.google.common.collect.BiMap                                                 : loaded 2 times (x 68B)
Class com.google.common.collect.Lists                                                 : loaded 2 times (x 69B)
Class org.gradle.internal.classloader.ClassLoaderVisitor                              : loaded 2 times (x 74B)
Class org.gradle.internal.service.DefaultServiceLocator                               : loaded 2 times (x 81B)
Class org.gradle.internal.service.UnknownServiceException                             : loaded 2 times (x 81B)
Class com.google.common.collect.ArrayListMultimap                                     : loaded 2 times (x 170B)
Class org.gradle.internal.classloader.DefaultClassLoaderFactory                       : loaded 2 times (x 80B)
Class com.google.common.collect.UnmodifiableIterator                                  : loaded 2 times (x 78B)
Class com.google.common.base.CharMatcher$SingleWidth                                  : loaded 2 times (x 110B)
Class com.google.common.base.JdkPattern                                               : loaded 2 times (x 73B)
Class com.google.common.collect.Multimap                                              : loaded 2 times (x 68B)
Class org.gradle.internal.classloader.VisitableURLClassLoader$Spec                    : loaded 2 times (x 72B)
Class org.gradle.api.GradleException                                                  : loaded 2 times (x 80B)
Class com.google.common.base.CharMatcher$JavaLetterOrDigit                            : loaded 2 times (x 109B)
Class org.gradle.api.internal.classpath.ModuleRegistry                                : loaded 2 times (x 68B)
Class com.google.common.collect.ImmutableCollection                                   : loaded 2 times (x 123B)
Class org.gradle.api.internal.ClassPathProvider                                       : loaded 2 times (x 68B)
Class org.gradle.internal.classloader.ClasspathUtil$1                                 : loaded 2 times (x 74B)
Class com.google.common.collect.ImmutableEnumMap                                      : loaded 2 times (x 123B)
Class com.google.common.collect.ImmutableList$ReverseImmutableList                    : loaded 2 times (x 168B)
Class org.gradle.internal.classloader.ClassLoaderFactory                              : loaded 2 times (x 68B)
Class com.google.common.collect.ObjectArrays                                          : loaded 2 times (x 69B)
Class com.google.common.collect.ImmutableList                                         : loaded 2 times (x 166B)
Class org.gradle.api.internal.classpath.ManifestUtil                                  : loaded 2 times (x 69B)
Class org.gradle.api.specs.Spec                                                       : loaded 2 times (x 68B)
Class com.google.common.base.CharMatcher$Whitespace                                   : loaded 2 times (x 110B)
Class com.google.common.base.Preconditions                                            : loaded 2 times (x 69B)
Class com.google.common.base.Function                                                 : loaded 2 times (x 68B)
Class org.gradle.internal.IoActions                                                   : loaded 2 times (x 69B)
Class com.google.common.collect.CollectPreconditions                                  : loaded 2 times (x 69B)
Class com.google.common.collect.Maps                                                  : loaded 2 times (x 69B)
Class com.google.common.collect.AbstractIndexedListIterator                           : loaded 2 times (x 94B)
Class com.google.common.base.CharMatcher$None                                         : loaded 2 times (x 110B)
Class org.gradle.api.internal.classpath.EffectiveClassPath                            : loaded 2 times (x 88B)
Class com.google.common.collect.UnmodifiableListIterator                              : loaded 2 times (x 93B)
Class com.google.common.collect.ImmutableList$1                                       : loaded 2 times (x 95B)
Class com.google.common.base.Splitter$Strategy                                        : loaded 2 times (x 68B)
Class org.gradle.internal.installation.CurrentGradleInstallation                      : loaded 2 times (x 71B)
Class org.gradle.internal.agents.InstrumentingClassLoader                             : loaded 2 times (x 68B)
Class org.gradle.internal.installation.CurrentGradleInstallationLocator               : loaded 2 times (x 69B)
Class org.gradle.api.internal.classpath.Module                                        : loaded 2 times (x 68B)
Class com.google.common.base.Splitter$1$1                                             : loaded 2 times (x 84B)
Class org.gradle.internal.service.CachingServiceLocator                               : loaded 2 times (x 80B)
Class org.gradle.internal.classpath.DefaultClassPath                                  : loaded 2 times (x 88B)
Class com.google.common.base.Splitter$SplittingIterator                               : loaded 2 times (x 82B)
Class Build_gradle$1                                                                  : loaded 2 times (x 76B)
Class com.google.common.base.CharMatcher$Is                                           : loaded 2 times (x 109B)
Class com.google.common.collect.RegularImmutableAsList                                : loaded 2 times (x 176B)
Class org.gradle.internal.classloader.SystemClassLoaderSpec                           : loaded 2 times (x 69B)
Class [Lcom.google.common.base.AbstractIterator$State;                                : loaded 2 times (x 67B)
Class com.google.common.base.AbstractIterator                                         : loaded 2 times (x 78B)
Class com.google.common.base.AbstractIterator$1                                       : loaded 2 times (x 69B)
Class com.google.common.base.CharMatcher$1                                            : loaded 2 times (x 111B)
Class com.google.common.base.CharMatcher$Ascii                                        : loaded 2 times (x 110B)
Class org.gradle.api.UncheckedIOException                                             : loaded 2 times (x 80B)
Class com.google.common.base.CharMatcher$And                                          : loaded 2 times (x 110B)
Class com.google.common.collect.AbstractListMultimap                                  : loaded 2 times (x 170B)
Class com.google.common.base.CharMatcher$Any                                          : loaded 2 times (x 110B)
Class org.gradle.internal.installation.GradleInstallation                             : loaded 2 times (x 73B)
Class com.google.common.collect.ArrayListMultimapGwtSerializationDependencies         : loaded 2 times (x 170B)
Class com.google.common.base.CharMatcher$RangesMatcher                                : loaded 2 times (x 110B)
Class com.google.common.collect.ImmutableList$SubList                                 : loaded 2 times (x 168B)
Class org.gradle.internal.classloader.ClasspathUtil                                   : loaded 2 times (x 69B)
Class com.google.common.base.Splitter$1                                               : loaded 2 times (x 75B)
Class com.google.common.collect.Maps$BiMapConverter                                   : loaded 2 times (x 88B)
Class org.gradle.api.internal.DefaultClassPathRegistry                                : loaded 2 times (x 74B)
Class org.gradle.api.internal.classpath.DefaultModuleRegistry$DefaultModule           : loaded 2 times (x 84B)
Class com.google.common.base.CharMatcher$JavaIsoControl                               : loaded 2 times (x 110B)
Class com.google.common.base.CharMatcher$Or                                           : loaded 2 times (x 110B)
Class org.gradle.kotlin.dsl.VersionCatalogAccessorsKt                                 : loaded 2 times (x 69B)
Class com.google.common.base.CharMatcher$JavaLowerCase                                : loaded 2 times (x 109B)
Class org.gradle.api.internal.classpath.UnknownModuleException                        : loaded 2 times (x 80B)
Class com.google.common.collect.Maps$EntryTransformer                                 : loaded 2 times (x 68B)
Class com.google.common.base.CommonPattern                                            : loaded 2 times (x 72B)
Class org.gradle.internal.service.ServiceLookupException                              : loaded 2 times (x 80B)
Class org.gradle.cache.GlobalCache                                                    : loaded 2 times (x 68B)
Class com.google.common.base.CharMatcher$NegatedFastMatcher                           : loaded 2 times (x 111B)
Class [Lorg.gradle.api.internal.ClassPathProvider;                                    : loaded 2 times (x 67B)
Class org.gradle.util.internal.GUtil                                                  : loaded 2 times (x 69B)
Class org.gradle.internal.classloader.ClassLoaderSpec                                 : loaded 2 times (x 69B)
Class com.google.common.base.NullnessCasts                                            : loaded 2 times (x 69B)
Class com.google.common.base.CharMatcher$Negated                                      : loaded 2 times (x 111B)
Class com.google.common.base.CharMatcher$ForPredicate                                 : loaded 2 times (x 110B)
Class com.google.common.collect.SortedMapDifference                                   : loaded 2 times (x 68B)
Class org.gradle.internal.classloader.VisitableURLClassLoader                         : loaded 2 times (x 115B)
Class org.gradle.internal.Cast                                                        : loaded 2 times (x 69B)
Class Build_gradle                                                                    : loaded 2 times (x 70B)
Class org.gradle.api.internal.ClassPathRegistry                                       : loaded 2 times (x 68B)
Class org.gradle.internal.classloader.VisitableURLClassLoader$InstrumentingVisitableURLClassLoader: loaded 2 times (x 121B)
Class org.gradle.internal.classloader.ClassLoaderHierarchy                            : loaded 2 times (x 68B)
Class com.google.common.base.AbstractIterator$State                                   : loaded 2 times (x 77B)
Class com.google.common.base.CharMatcher$NamedFastMatcher                             : loaded 2 times (x 110B)
Class org.gradle.internal.InternalTransformer                                         : loaded 2 times (x 68B)
Class org.gradle.internal.service.ServiceLocator                                      : loaded 2 times (x 68B)
Class Settings_gradle$1                                                               : loaded 2 times (x 72B)
Class com.google.common.base.CharMatcher$Invisible                                    : loaded 2 times (x 110B)
Class com.google.common.base.CharMatcher$FastMatcher                                  : loaded 2 times (x 109B)
Class org.gradle.internal.classpath.DefaultClassPath$ImmutableUniqueList              : loaded 2 times (x 159B)
Class com.google.common.base.CharMatcher$JavaLetter                                   : loaded 2 times (x 109B)
Class org.gradle.internal.classpath.TransformedClassPath                              : loaded 2 times (x 94B)
Class com.google.common.collect.MapDifference                                         : loaded 2 times (x 68B)
Class Settings_gradle                                                                 : loaded 2 times (x 126B)
Class com.google.common.collect.Platform                                              : loaded 2 times (x 69B)
Class com.google.common.collect.ImmutableAsList                                       : loaded 2 times (x 169B)
Class com.google.common.base.CharMatcher$AnyOf                                        : loaded 2 times (x 110B)
Class com.google.common.base.CharMatcher$IsEither                                     : loaded 2 times (x 109B)
Class com.google.common.collect.RegularImmutableList                                  : loaded 2 times (x 172B)
Class com.google.common.base.CharMatcher$JavaUpperCase                                : loaded 2 times (x 109B)
Class com.google.common.collect.Multiset                                              : loaded 2 times (x 68B)
Class com.google.common.collect.AbstractMapBasedMultimap                              : loaded 2 times (x 137B)


---------------  S Y S T E M  ---------------

OS:
 Windows 11 , 64 bit Build 22621 (10.0.22621.3958)
OS uptime: 0 days 1:13 hours
Hyper-V role detected

CPU: total 12 (initial active 12) (12 cores per cpu, 2 threads per core) family 23 model 104 stepping 1 microcode 0x0, cx8, cmov, fxsr, ht, mmx, 3dnowpref, sse, sse2, sse3, ssse3, sse4a, sse4.1, sse4.2, popcnt, lzcnt, tsc, tscinvbit, avx, avx2, aes, clmul, bmi1, bmi2, adx, sha, fma, vzeroupper, clflush, clflushopt, hv
Processor Information for processor 0
  Max Mhz: 2100, Current Mhz: 1813, Mhz Limit: 2100
Processor Information for processor 1
  Max Mhz: 2100, Current Mhz: 1813, Mhz Limit: 2100
Processor Information for processor 2
  Max Mhz: 2100, Current Mhz: 1813, Mhz Limit: 2100
Processor Information for processor 3
  Max Mhz: 2100, Current Mhz: 1893, Mhz Limit: 2100
Processor Information for processor 4
  Max Mhz: 2100, Current Mhz: 1893, Mhz Limit: 2100
Processor Information for processor 5
  Max Mhz: 2100, Current Mhz: 1893, Mhz Limit: 2100
Processor Information for processor 6
  Max Mhz: 2100, Current Mhz: 1893, Mhz Limit: 2100
Processor Information for processor 7
  Max Mhz: 2100, Current Mhz: 1813, Mhz Limit: 2100
Processor Information for processor 8
  Max Mhz: 2100, Current Mhz: 1813, Mhz Limit: 2100
Processor Information for processor 9
  Max Mhz: 2100, Current Mhz: 1813, Mhz Limit: 2100
Processor Information for processor 10
  Max Mhz: 2100, Current Mhz: 1813, Mhz Limit: 2100
Processor Information for processor 11
  Max Mhz: 2100, Current Mhz: 1813, Mhz Limit: 2100

Memory: 4k page, system-wide physical 7502M (393M free)
TotalPageFile size 18766M (AvailPageFile size 7157M)
current process WorkingSet (physical memory assigned to process): 278M, peak: 280M
current process commit charge ("private bytes"): 316M, peak: 320M

vm_info: OpenJDK 64-Bit Server VM (17.0.11+0--11852314) for windows-amd64 JRE (17.0.11+0--11852314), built on May 16 2024 21:29:20 by "androidbuild" with MS VC++ 16.10 / 16.11 (VS2019)

END.
